#
# A fatal error has been detected by the Java Runtime Environment:
#
#  EXCEPTION_ACCESS_VIOLATION (0xc0000005) at pc=0x00007ff949b62510, pid=18652, tid=24112
#
# JRE version: Java(TM) SE Runtime Environment (10.0.1+10) (build 10.0.1+10)
# Java VM: Java HotSpot(TM) 64-Bit Server VM (10.0.1+10, mixed mode, tiered, compressed oops, g1 gc, windows-amd64)
# Problematic frame:
# C  [ntdll.dll+0x12510]
#
# No core dump will be written. Minidumps are not enabled by default on client versions of Windows
#
# If you would like to submit a bug report, please visit:
#   http://bugreport.java.com/bugreport/crash.jsp
#

---------------  S U M M A R Y ------------

Command Line: -Dfile.encoding=Cp1252 main.Main

Host: Intel(R) Core(TM) i7-6500U CPU @ 2.50GHz, 4 cores, 11G,  Windows 10 , 64 bit Build 17134 (10.0.17134.1)
Time: Mon Oct 08 13:31:07 2018 Eastern Daylight Time elapsed time: 9 seconds (0d 0h 0m 9s)

---------------  T H R E A D  ---------------

Current thread (0x000001bdae544800):  VMThread "VM Thread" [stack: 0x00000029e0f00000,0x00000029e1000000] [id=24112]

Stack: [0x00000029e0f00000,0x00000029e1000000],  sp=0x00000029e0ffea70,  free space=1018k
Native frames: (J=compiled Java code, j=interpreted, Vv=VM code, C=native code)
C  [ntdll.dll+0x12510]
C  [tbb.dll+0x50910]


siginfo: EXCEPTION_ACCESS_VIOLATION (0xc0000005), reading address 0x0000000000000010


Register to memory mapping:

RIP=0x00007ff949b62510 ntdll.dll
RAX=0x0000000000000000 is an unknown value
RBX=0x0000000000000000 is an unknown value
RCX=0x0000000000000013 is an unknown value
RDX=0x0000000000000000 is an unknown value
RSP=0x00000029e0ffea70 is an unknown value
RBP=0x0000000000000004 is an unknown value
RSI=0x0000000000000000 is an unknown value
RDI=0x0000000000000208 is an unknown value
R8 =0x0000000000000000 is an unknown value
R9 =0x0000000000000000 is an unknown value
R10=0x00000029e0ffe950 is an unknown value
R11=0x000001bdb607b580 is an unknown value
R12=0x00007ff90888a4d0 tbb.dll
R13=0x0000000000000000 is an unknown value
R14=0x000001bdb607b818 is an unknown value
R15=0xffffffffffffffff is an unknown value


Registers:
RAX=0x0000000000000000, RBX=0x0000000000000000, RCX=0x0000000000000013, RDX=0x0000000000000000
RSP=0x00000029e0ffea70, RBP=0x0000000000000004, RSI=0x0000000000000000, RDI=0x0000000000000208
R8 =0x0000000000000000, R9 =0x0000000000000000, R10=0x00000029e0ffe950, R11=0x000001bdb607b580
R12=0x00007ff90888a4d0, R13=0x0000000000000000, R14=0x000001bdb607b818, R15=0xffffffffffffffff
RIP=0x00007ff949b62510, EFLAGS=0x0000000000010202

Top of Stack: (sp=0x00000029e0ffea70)
0x00000029e0ffea70:   000001bdb6078000 000001bdb609b900
0x00000029e0ffea80:   00000fe100000000 00000fdf00000000
0x00000029e0ffea90:   0000000000000000 0000000000000000
0x00000029e0ffeaa0:   000001bdb607b830 00007ff9088c0910
0x00000029e0ffeab0:   0000000000000208 0000000000000003
0x00000029e0ffeac0:   00007ff9070aedc0 0000000000000008
0x00000029e0ffead0:   0000000000000208 00007ff908896b59
0x00000029e0ffeae0:   0000000000000800 000001bdb609b900
0x00000029e0ffeaf0:   000001bdb609bb68 00007ff9070509f8
0x00000029e0ffeb00:   0000000000000004 00007ff90888b615
0x00000029e0ffeb10:   000001bdb6078000 00000fdf00000000
0x00000029e0ffeb20:   404e000000000000 0000000000000000
0x00000029e0ffeb30:   0000000000000001 0000000000000000
0x00000029e0ffeb40:   fffffffffffffffe 000001bdb6093e80
0x00000029e0ffeb50:   0000000000000002 000001bdb607b818
0x00000029e0ffeb60:   0000000000000000 000001bdb607b580 

Instructions: (pc=0x00007ff949b62510)
0x00007ff949b624f0:   48 89 5c 24 08 48 89 74 24 10 57 48 83 ec 30 49
0x00007ff949b62500:   8b f8 8b f2 48 8b d9 48 85 c9 0f 84 9c 5c 09 00
0x00007ff949b62510:   81 7b 10 ee dd ee dd 44 8b c6 48 8b d7 48 8b cb
0x00007ff949b62520:   74 20 f6 05 d7 aa 14 00 02 75 2b 45 33 c9 48 8b 


VM_Operation (0x00000029e1efb830): Exit, mode: safepoint, requested by thread 0x000001bdaf266000


---------------  P R O C E S S  ---------------

Threads class SMR info:
_java_thread_list=0x000001bdb6ed2410, length=144, elements={
0x000001bdae559800, 0x000001bdae563000, 0x000001bdae5ae800, 0x000001bdadd1c000,
0x000001bdae5c3000, 0x000001bdae5f0800, 0x000001bdae5d4800, 0x000001bdae7b2000,
0x000001bdae7b8800, 0x000001bdaeced000, 0x000001bdaeced800, 0x000001bdaf266000,
0x000001bdaed54800, 0x000001bdaed53000, 0x000001bdaed51800, 0x000001bdaed57000,
0x000001bdaed55800, 0x000001bdaed54000, 0x000001bdb407b800, 0x000001bdb4080800,
0x000001bdb4079800, 0x000001bdb407f000, 0x000001bdb407c800, 0x000001bdb407d000,
0x000001bdb407e000, 0x000001bdb407a000, 0x000001bdb407f800, 0x000001bdb407b000,
0x000001bdb68a2000, 0x000001bdb68a6000, 0x000001bdb68a1000, 0x000001bdb68a5000,
0x000001bdb68a2800, 0x000001bdb689e800, 0x000001bdb68a3800, 0x000001bdb68a4000,
0x000001bdb689f800, 0x000001bdb68a6800, 0x000001bdb68a0800, 0x000001bdb68ab800,
0x000001bdb68ad000, 0x000001bdb68a9000, 0x000001bdb68ac000, 0x000001bdb68ad800,
0x000001bdb68a9800, 0x000001bdb68aa800, 0x000001bdb68a7800, 0x000001bdb68a8000,
0x000001bdb6cce800, 0x000001bdb6cd0000, 0x000001bdb6cce000, 0x000001bdb6ccd000,
0x000001bdb6cd1000, 0x000001bdb6cd4000, 0x000001bdb6cd5000, 0x000001bdb6cd5800,
0x000001bdb6cd3800, 0x000001bdb6cd6800, 0x000001bdb6ccf800, 0x000001bdb6cd1800,
0x000001bdb6cd2800, 0x000001bdb6cda800, 0x000001bdb6cdb000, 0x000001bdb6cdc000,
0x000001bdb6cd7000, 0x000001bdb6cd8000, 0x000001bdb6cd9000, 0x000001bdb6cd9800,
0x000001bdb6e2c800, 0x000001bdb6e2d000, 0x000001bdb6e2b000, 0x000001bdb6e2a000,
0x000001bdb6e2e000, 0x000001bdb6e2f000, 0x000001bdb6e2f800, 0x000001bdb6e28800,
0x000001bdb6e30800, 0x000001bdb6e29800, 0x000001bdb6e31000, 0x000001bdb6e32000,
0x000001bdb6e32800, 0x000001bdb6e2b800, 0x000001bdb6e33800, 0x000001bdb6e34800,
0x000001bdb6e35000, 0x000001bdb6e37800, 0x000001bdb6e36000, 0x000001bdb6e36800,
0x000001bdb6ec5800, 0x000001bdb6ec4000, 0x000001bdb6ec6000, 0x000001bdb6ec7000,
0x000001bdb6ec8000, 0x000001bdb6ec3000, 0x000001bdb6ec9800, 0x000001bdb6ec8800,
0x000001bdb6ec2800, 0x000001bdb6eca000, 0x000001bdb6ecb000, 0x000001bdb6ecb800,
0x000001bdb6ec4800, 0x000001bdb6ece000, 0x000001bdb6ecc800, 0x000001bdb6ecf800,
0x000001bdb6ecd800, 0x000001bdb6ecf000, 0x000001bdb6ed0800, 0x000001bdb6ed1000,
0x000001bdb6958800, 0x000001bdb6959000, 0x000001bdb695e000, 0x000001bdb695c800,
0x000001bdb695d000, 0x000001bdb695a000, 0x000001bdb6957000, 0x000001bdb695a800,
0x000001bdb695e800, 0x000001bdb695b800, 0x000001bdb6957800, 0x000001bdb6960000,
0x000001bdb6961000, 0x000001bdb6965800, 0x000001bdb695f800, 0x000001bdb6965000,
0x000001bdb6962000, 0x000001bdb6962800, 0x000001bdb6963800, 0x000001bdb6964000,
0x000001bdb7333800, 0x000001bdb7336000, 0x000001bdb7331800, 0x000001bdb7334800,
0x000001bdb7332000, 0x000001bdb732f000, 0x000001bdb7335000, 0x000001bdb7333000,
0x000001bdb7337000, 0x000001bdb732f800, 0x000001bdb7337800, 0x000001bdb7330800,
0x000001bdb733c800, 0x000001bdb733a800, 0x000001bdb7339000, 0x000001bdb733d000
}

Java Threads: ( => current thread )
  0x000001bdae559800 JavaThread "Reference Handler" daemon [_thread_blocked, id=26328, stack(0x00000029e1000000,0x00000029e1100000)]
  0x000001bdae563000 JavaThread "Finalizer" daemon [_thread_blocked, id=21696, stack(0x00000029e1100000,0x00000029e1200000)]
  0x000001bdae5ae800 JavaThread "Attach Listener" daemon [_thread_blocked, id=23916, stack(0x00000029e1300000,0x00000029e1400000)]
  0x000001bdadd1c000 JavaThread "C2 CompilerThread0" daemon [_thread_blocked, id=33200, stack(0x00000029e1400000,0x00000029e1500000)]
  0x000001bdae5c3000 JavaThread "C2 CompilerThread1" daemon [_thread_blocked, id=39116, stack(0x00000029e1500000,0x00000029e1600000)]
  0x000001bdae5f0800 JavaThread "C1 CompilerThread2" daemon [_thread_blocked, id=38048, stack(0x00000029e1600000,0x00000029e1700000)]
  0x000001bdae5d4800 JavaThread "Sweeper thread" daemon [_thread_blocked, id=26456, stack(0x00000029e1700000,0x00000029e1800000)]
  0x000001bdae7b2000 JavaThread "Service Thread" daemon [_thread_blocked, id=37024, stack(0x00000029e1800000,0x00000029e1900000)]
  0x000001bdae7b8800 JavaThread "Common-Cleaner" daemon [_thread_blocked, id=37732, stack(0x00000029e1900000,0x00000029e1a00000)]
  0x000001bdaeced000 JavaThread "Java2D Disposer" daemon [_thread_blocked, id=5812, stack(0x00000029e1b00000,0x00000029e1c00000)]
  0x000001bdaeced800 JavaThread "AWT-Shutdown" [_thread_blocked, id=23812, stack(0x00000029e1c00000,0x00000029e1d00000)]
  0x000001bdaf266000 JavaThread "AWT-EventQueue-0" [_thread_blocked, id=37580, stack(0x00000029e1e00000,0x00000029e1f00000)]
  0x000001bdaed54800 JavaThread "Coffee Bean Game Thread" [_thread_blocked, id=27524, stack(0x00000029e1f00000,0x00000029e2000000)]
  0x000001bdaed53000 JavaThread "DestroyJavaVM" [_thread_blocked, id=33896, stack(0x00000029e0300000,0x00000029e0400000)]
  0x000001bdaed51800 JavaThread "ForkJoinPool.commonPool-worker-1" daemon [_thread_blocked, id=38764, stack(0x00000029e2000000,0x00000029e2100000)]
  0x000001bdaed57000 JavaThread "ForkJoinPool.commonPool-worker-2" daemon [_thread_blocked, id=30692, stack(0x00000029e2100000,0x00000029e2200000)]
  0x000001bdaed55800 JavaThread "ForkJoinPool.commonPool-worker-3" daemon [_thread_blocked, id=4304, stack(0x00000029e2200000,0x00000029e2300000)]
  0x000001bdaed54000 JavaThread "ForkJoinPool-1-worker-1" daemon [_thread_blocked, id=36436, stack(0x00000029e2800000,0x00000029e2900000)]
  0x000001bdb407b800 JavaThread "ForkJoinPool-1-worker-2" daemon [_thread_blocked, id=3360, stack(0x00000029e2900000,0x00000029e2a00000)]
  0x000001bdb4080800 JavaThread "ForkJoinPool-1-worker-3" daemon [_thread_blocked, id=34312, stack(0x00000029e2a00000,0x00000029e2b00000)]
  0x000001bdb4079800 JavaThread "ForkJoinPool-1-worker-4" daemon [_thread_blocked, id=25592, stack(0x00000029e2b00000,0x00000029e2c00000)]
  0x000001bdb407f000 JavaThread "ForkJoinPool-1-worker-5" daemon [_thread_blocked, id=40328, stack(0x00000029e2c00000,0x00000029e2d00000)]
  0x000001bdb407c800 JavaThread "ForkJoinPool-1-worker-6" daemon [_thread_blocked, id=15388, stack(0x00000029e2d00000,0x00000029e2e00000)]
  0x000001bdb407d000 JavaThread "ForkJoinPool-1-worker-15" daemon [_thread_blocked, id=39652, stack(0x00000029e2e00000,0x00000029e2f00000)]
  0x000001bdb407e000 JavaThread "ForkJoinPool-1-worker-8" daemon [_thread_blocked, id=24820, stack(0x00000029e2f00000,0x00000029e3000000)]
  0x000001bdb407a000 JavaThread "ForkJoinPool-1-worker-1" daemon [_thread_blocked, id=11524, stack(0x00000029e3000000,0x00000029e3100000)]
  0x000001bdb407f800 JavaThread "ForkJoinPool-1-worker-26" daemon [_thread_blocked, id=14820, stack(0x00000029e3100000,0x00000029e3200000)]
  0x000001bdb407b000 JavaThread "ForkJoinPool-1-worker-19" daemon [_thread_blocked, id=17876, stack(0x00000029e3200000,0x00000029e3300000)]
  0x000001bdb68a2000 JavaThread "ForkJoinPool-1-worker-12" daemon [_thread_blocked, id=16012, stack(0x00000029e3300000,0x00000029e3400000)]
  0x000001bdb68a6000 JavaThread "ForkJoinPool-1-worker-5" daemon [_thread_blocked, id=38704, stack(0x00000029e3400000,0x00000029e3500000)]
  0x000001bdb68a1000 JavaThread "ForkJoinPool-1-worker-30" daemon [_thread_blocked, id=11460, stack(0x00000029e3500000,0x00000029e3600000)]
  0x000001bdb68a5000 JavaThread "ForkJoinPool-1-worker-23" daemon [_thread_blocked, id=39680, stack(0x00000029e3600000,0x00000029e3700000)]
  0x000001bdb68a2800 JavaThread "ForkJoinPool-1-worker-16" daemon [_thread_blocked, id=9276, stack(0x00000029e3700000,0x00000029e3800000)]
  0x000001bdb689e800 JavaThread "ForkJoinPool-1-worker-9" daemon [_thread_blocked, id=29456, stack(0x00000029e3800000,0x00000029e3900000)]
  0x000001bdb68a3800 JavaThread "ForkJoinPool-1-worker-2" daemon [_thread_blocked, id=12796, stack(0x00000029e3900000,0x00000029e3a00000)]
  0x000001bdb68a4000 JavaThread "ForkJoinPool-1-worker-59" daemon [_thread_blocked, id=5900, stack(0x00000029e3a00000,0x00000029e3b00000)]
  0x000001bdb689f800 JavaThread "ForkJoinPool-1-worker-52" daemon [_thread_blocked, id=32172, stack(0x00000029e3b00000,0x00000029e3c00000)]
  0x000001bdb68a6800 JavaThread "ForkJoinPool-1-worker-45" daemon [_thread_blocked, id=38080, stack(0x00000029e3c00000,0x00000029e3d00000)]
  0x000001bdb68a0800 JavaThread "ForkJoinPool-1-worker-38" daemon [_thread_blocked, id=28080, stack(0x00000029e3d00000,0x00000029e3e00000)]
  0x000001bdb68ab800 JavaThread "ForkJoinPool-1-worker-31" daemon [_thread_blocked, id=15120, stack(0x00000029e3e00000,0x00000029e3f00000)]
  0x000001bdb68ad000 JavaThread "ForkJoinPool-1-worker-24" daemon [_thread_blocked, id=33092, stack(0x00000029e3f00000,0x00000029e4000000)]
  0x000001bdb68a9000 JavaThread "ForkJoinPool-1-worker-17" daemon [_thread_blocked, id=34116, stack(0x00000029e4000000,0x00000029e4100000)]
  0x000001bdb68ac000 JavaThread "ForkJoinPool-1-worker-10" daemon [_thread_blocked, id=21268, stack(0x00000029e4100000,0x00000029e4200000)]
  0x000001bdb68ad800 JavaThread "ForkJoinPool-1-worker-3" daemon [_thread_blocked, id=22444, stack(0x00000029e4200000,0x00000029e4300000)]
  0x000001bdb68a9800 JavaThread "ForkJoinPool-1-worker-60" daemon [_thread_blocked, id=40428, stack(0x00000029e4300000,0x00000029e4400000)]
  0x000001bdb68aa800 JavaThread "ForkJoinPool-1-worker-53" daemon [_thread_blocked, id=27596, stack(0x00000029e4400000,0x00000029e4500000)]
  0x000001bdb68a7800 JavaThread "ForkJoinPool-1-worker-46" daemon [_thread_blocked, id=36488, stack(0x00000029e4500000,0x00000029e4600000)]
  0x000001bdb68a8000 JavaThread "ForkJoinPool-1-worker-39" daemon [_thread_blocked, id=39484, stack(0x00000029e4600000,0x00000029e4700000)]
  0x000001bdb6cce800 JavaThread "ForkJoinPool-1-worker-32" daemon [_thread_blocked, id=2944, stack(0x00000029e4700000,0x00000029e4800000)]
  0x000001bdb6cd0000 JavaThread "ForkJoinPool-1-worker-25" daemon [_thread_blocked, id=39812, stack(0x00000029e4800000,0x00000029e4900000)]
  0x000001bdb6cce000 JavaThread "ForkJoinPool-1-worker-18" daemon [_thread_blocked, id=40112, stack(0x00000029e4900000,0x00000029e4a00000)]
  0x000001bdb6ccd000 JavaThread "ForkJoinPool-1-worker-75" daemon [_thread_blocked, id=1796, stack(0x00000029e4a00000,0x00000029e4b00000)]
  0x000001bdb6cd1000 JavaThread "ForkJoinPool-1-worker-4" daemon [_thread_blocked, id=18556, stack(0x00000029e4b00000,0x00000029e4c00000)]
  0x000001bdb6cd4000 JavaThread "ForkJoinPool-1-worker-61" daemon [_thread_blocked, id=21764, stack(0x00000029e4c00000,0x00000029e4d00000)]
  0x000001bdb6cd5000 JavaThread "ForkJoinPool-1-worker-118" daemon [_thread_blocked, id=20376, stack(0x00000029e4d00000,0x00000029e4e00000)]
  0x000001bdb6cd5800 JavaThread "ForkJoinPool-1-worker-47" daemon [_thread_blocked, id=40536, stack(0x00000029e4e00000,0x00000029e4f00000)]
  0x000001bdb6cd3800 JavaThread "ForkJoinPool-1-worker-104" daemon [_thread_blocked, id=38656, stack(0x00000029e4f00000,0x00000029e5000000)]
  0x000001bdb6cd6800 JavaThread "ForkJoinPool-1-worker-33" daemon [_thread_blocked, id=28416, stack(0x00000029e5000000,0x00000029e5100000)]
  0x000001bdb6ccf800 JavaThread "ForkJoinPool-1-worker-90" daemon [_thread_blocked, id=13360, stack(0x00000029e5100000,0x00000029e5200000)]
  0x000001bdb6cd1800 JavaThread "ForkJoinPool-1-worker-19" daemon [_thread_blocked, id=19532, stack(0x00000029e5200000,0x00000029e5300000)]
  0x000001bdb6cd2800 JavaThread "ForkJoinPool-1-worker-76" daemon [_thread_blocked, id=32936, stack(0x00000029e5300000,0x00000029e5400000)]
  0x000001bdb6cda800 JavaThread "ForkJoinPool-1-worker-5" daemon [_thread_blocked, id=19708, stack(0x00000029e5400000,0x00000029e5500000)]
  0x000001bdb6cdb000 JavaThread "ForkJoinPool-1-worker-62" daemon [_thread_blocked, id=10944, stack(0x00000029e5500000,0x00000029e5600000)]
  0x000001bdb6cdc000 JavaThread "ForkJoinPool-1-worker-119" daemon [_thread_blocked, id=36176, stack(0x00000029e5600000,0x00000029e5700000)]
  0x000001bdb6cd7000 JavaThread "ForkJoinPool-1-worker-48" daemon [_thread_blocked, id=37444, stack(0x00000029e5700000,0x00000029e5800000)]
  0x000001bdb6cd8000 JavaThread "ForkJoinPool-1-worker-105" daemon [_thread_blocked, id=25028, stack(0x00000029e5800000,0x00000029e5900000)]
  0x000001bdb6cd9000 JavaThread "ForkJoinPool-1-worker-34" daemon [_thread_blocked, id=30172, stack(0x00000029e5900000,0x00000029e5a00000)]
  0x000001bdb6cd9800 JavaThread "ForkJoinPool-1-worker-91" daemon [_thread_blocked, id=7856, stack(0x00000029e5a00000,0x00000029e5b00000)]
  0x000001bdb6e2c800 JavaThread "ForkJoinPool-1-worker-20" daemon [_thread_blocked, id=39992, stack(0x00000029e5b00000,0x00000029e5c00000)]
  0x000001bdb6e2d000 JavaThread "ForkJoinPool-1-worker-77" daemon [_thread_blocked, id=18580, stack(0x00000029e5c00000,0x00000029e5d00000)]
  0x000001bdb6e2b000 JavaThread "ForkJoinPool-1-worker-6" daemon [_thread_blocked, id=7280, stack(0x00000029e5d00000,0x00000029e5e00000)]
  0x000001bdb6e2a000 JavaThread "ForkJoinPool-1-worker-63" daemon [_thread_blocked, id=30980, stack(0x00000029e5e00000,0x00000029e5f00000)]
  0x000001bdb6e2e000 JavaThread "ForkJoinPool-1-worker-120" daemon [_thread_blocked, id=32820, stack(0x00000029e5f00000,0x00000029e6000000)]
  0x000001bdb6e2f000 JavaThread "ForkJoinPool-1-worker-49" daemon [_thread_blocked, id=28948, stack(0x00000029e6000000,0x00000029e6100000)]
  0x000001bdb6e2f800 JavaThread "ForkJoinPool-1-worker-106" daemon [_thread_blocked, id=23364, stack(0x00000029e6100000,0x00000029e6200000)]
  0x000001bdb6e28800 JavaThread "ForkJoinPool-1-worker-35" daemon [_thread_blocked, id=25488, stack(0x00000029e6200000,0x00000029e6300000)]
  0x000001bdb6e30800 JavaThread "ForkJoinPool-1-worker-92" daemon [_thread_blocked, id=29448, stack(0x00000029e6300000,0x00000029e6400000)]
  0x000001bdb6e29800 JavaThread "ForkJoinPool-1-worker-21" daemon [_thread_blocked, id=26404, stack(0x00000029e6400000,0x00000029e6500000)]
  0x000001bdb6e31000 JavaThread "ForkJoinPool-1-worker-78" daemon [_thread_blocked, id=35056, stack(0x00000029e6500000,0x00000029e6600000)]
  0x000001bdb6e32000 JavaThread "ForkJoinPool-1-worker-7" daemon [_thread_blocked, id=29480, stack(0x00000029e6600000,0x00000029e6700000)]
  0x000001bdb6e32800 JavaThread "ForkJoinPool-1-worker-64" daemon [_thread_blocked, id=31620, stack(0x00000029e6700000,0x00000029e6800000)]
  0x000001bdb6e2b800 JavaThread "ForkJoinPool-1-worker-121" daemon [_thread_blocked, id=28176, stack(0x00000029e6800000,0x00000029e6900000)]
  0x000001bdb6e33800 JavaThread "ForkJoinPool-1-worker-178" daemon [_thread_blocked, id=39792, stack(0x00000029e6900000,0x00000029e6a00000)]
  0x000001bdb6e34800 JavaThread "ForkJoinPool-1-worker-107" daemon [_thread_blocked, id=29052, stack(0x00000029e6a00000,0x00000029e6b00000)]
  0x000001bdb6e35000 JavaThread "ForkJoinPool-1-worker-36" daemon [_thread_blocked, id=32112, stack(0x00000029e6b00000,0x00000029e6c00000)]
  0x000001bdb6e37800 JavaThread "ForkJoinPool-1-worker-221" daemon [_thread_blocked, id=38232, stack(0x00000029e6c00000,0x00000029e6d00000)]
  0x000001bdb6e36000 JavaThread "ForkJoinPool-1-worker-150" daemon [_thread_blocked, id=30200, stack(0x00000029e6d00000,0x00000029e6e00000)]
  0x000001bdb6e36800 JavaThread "ForkJoinPool-1-worker-79" daemon [_thread_blocked, id=24744, stack(0x00000029e6e00000,0x00000029e6f00000)]
  0x000001bdb6ec5800 JavaThread "ForkJoinPool-1-worker-8" daemon [_thread_blocked, id=22676, stack(0x00000029e6f00000,0x00000029e7000000)]
  0x000001bdb6ec4000 JavaThread "ForkJoinPool-1-worker-193" daemon [_thread_blocked, id=39264, stack(0x00000029e7000000,0x00000029e7100000)]
  0x000001bdb6ec6000 JavaThread "ForkJoinPool-1-worker-122" daemon [_thread_blocked, id=33748, stack(0x00000029e7100000,0x00000029e7200000)]
  0x000001bdb6ec7000 JavaThread "ForkJoinPool-1-worker-51" daemon [_thread_blocked, id=28036, stack(0x00000029e7200000,0x00000029e7300000)]
  0x000001bdb6ec8000 JavaThread "ForkJoinPool-1-worker-236" daemon [_thread_blocked, id=29600, stack(0x00000029e7300000,0x00000029e7400000)]
  0x000001bdb6ec3000 JavaThread "ForkJoinPool-1-worker-165" daemon [_thread_blocked, id=24740, stack(0x00000029e7400000,0x00000029e7500000)]
  0x000001bdb6ec9800 JavaThread "ForkJoinPool-1-worker-94" daemon [_thread_blocked, id=31160, stack(0x00000029e7500000,0x00000029e7600000)]
  0x000001bdb6ec8800 JavaThread "ForkJoinPool-1-worker-23" daemon [_thread_blocked, id=17904, stack(0x00000029e7600000,0x00000029e7700000)]
  0x000001bdb6ec2800 JavaThread "ForkJoinPool-1-worker-208" daemon [_thread_blocked, id=40280, stack(0x00000029e7700000,0x00000029e7800000)]
  0x000001bdb6eca000 JavaThread "ForkJoinPool-1-worker-137" daemon [_thread_blocked, id=29196, stack(0x00000029e7800000,0x00000029e7900000)]
  0x000001bdb6ecb000 JavaThread "ForkJoinPool-1-worker-66" daemon [_thread_blocked, id=12512, stack(0x00000029e7900000,0x00000029e7a00000)]
  0x000001bdb6ecb800 JavaThread "ForkJoinPool-1-worker-251" daemon [_thread_blocked, id=32532, stack(0x00000029e7a00000,0x00000029e7b00000)]
  0x000001bdb6ec4800 JavaThread "ForkJoinPool-1-worker-180" daemon [_thread_blocked, id=7036, stack(0x00000029e7b00000,0x00000029e7c00000)]
  0x000001bdb6ece000 JavaThread "ForkJoinPool-1-worker-109" daemon [_thread_blocked, id=40680, stack(0x00000029e7c00000,0x00000029e7d00000)]
  0x000001bdb6ecc800 JavaThread "ForkJoinPool-1-worker-38" daemon [_thread_blocked, id=14628, stack(0x00000029e7d00000,0x00000029e7e00000)]
  0x000001bdb6ecf800 JavaThread "ForkJoinPool-1-worker-223" daemon [_thread_blocked, id=20588, stack(0x00000029e7e00000,0x00000029e7f00000)]
  0x000001bdb6ecd800 JavaThread "ForkJoinPool-1-worker-152" daemon [_thread_blocked, id=10180, stack(0x00000029e7f00000,0x00000029e8000000)]
  0x000001bdb6ecf000 JavaThread "ForkJoinPool-1-worker-81" daemon [_thread_blocked, id=21752, stack(0x00000029e8000000,0x00000029e8100000)]
  0x000001bdb6ed0800 JavaThread "ForkJoinPool-1-worker-10" daemon [_thread_blocked, id=33416, stack(0x00000029e8100000,0x00000029e8200000)]
  0x000001bdb6ed1000 JavaThread "ForkJoinPool-1-worker-195" daemon [_thread_blocked, id=33968, stack(0x00000029e8200000,0x00000029e8300000)]
  0x000001bdb6958800 JavaThread "ForkJoinPool-1-worker-124" daemon [_thread_blocked, id=32832, stack(0x00000029e8300000,0x00000029e8400000)]
  0x000001bdb6959000 JavaThread "ForkJoinPool-1-worker-53" daemon [_thread_blocked, id=27732, stack(0x00000029e8400000,0x00000029e8500000)]
  0x000001bdb695e000 JavaThread "ForkJoinPool-1-worker-238" daemon [_thread_blocked, id=23220, stack(0x00000029e8500000,0x00000029e8600000)]
  0x000001bdb695c800 JavaThread "ForkJoinPool-1-worker-167" daemon [_thread_blocked, id=35132, stack(0x00000029e8600000,0x00000029e8700000)]
  0x000001bdb695d000 JavaThread "ForkJoinPool-1-worker-96" daemon [_thread_blocked, id=36428, stack(0x00000029e8700000,0x00000029e8800000)]
  0x000001bdb695a000 JavaThread "ForkJoinPool-1-worker-25" daemon [_thread_blocked, id=24528, stack(0x00000029e8800000,0x00000029e8900000)]
  0x000001bdb6957000 JavaThread "ForkJoinPool-1-worker-210" daemon [_thread_blocked, id=14080, stack(0x00000029e8900000,0x00000029e8a00000)]
  0x000001bdb695a800 JavaThread "ForkJoinPool-1-worker-139" daemon [_thread_blocked, id=40596, stack(0x00000029e8a00000,0x00000029e8b00000)]
  0x000001bdb695e800 JavaThread "ForkJoinPool-1-worker-68" daemon [_thread_blocked, id=12700, stack(0x00000029e8b00000,0x00000029e8c00000)]
  0x000001bdb695b800 JavaThread "ForkJoinPool-1-worker-253" daemon [_thread_blocked, id=21916, stack(0x00000029e8c00000,0x00000029e8d00000)]
  0x000001bdb6957800 JavaThread "ForkJoinPool-1-worker-182" daemon [_thread_blocked, id=33356, stack(0x00000029e8d00000,0x00000029e8e00000)]
  0x000001bdb6960000 JavaThread "ForkJoinPool-1-worker-111" daemon [_thread_blocked, id=28656, stack(0x00000029e8e00000,0x00000029e8f00000)]
  0x000001bdb6961000 JavaThread "ForkJoinPool-1-worker-40" daemon [_thread_blocked, id=19764, stack(0x00000029e8f00000,0x00000029e9000000)]
  0x000001bdb6965800 JavaThread "ForkJoinPool-1-worker-225" daemon [_thread_blocked, id=14280, stack(0x00000029e9000000,0x00000029e9100000)]
  0x000001bdb695f800 JavaThread "ForkJoinPool-1-worker-154" daemon [_thread_blocked, id=23344, stack(0x00000029e9100000,0x00000029e9200000)]
  0x000001bdb6965000 JavaThread "ForkJoinPool-1-worker-83" daemon [_thread_blocked, id=38756, stack(0x00000029e9200000,0x00000029e9300000)]
  0x000001bdb6962000 JavaThread "ForkJoinPool-1-worker-12" daemon [_thread_blocked, id=12952, stack(0x00000029e9300000,0x00000029e9400000)]
  0x000001bdb6962800 JavaThread "ForkJoinPool-1-worker-197" daemon [_thread_blocked, id=13328, stack(0x00000029e9400000,0x00000029e9500000)]
  0x000001bdb6963800 JavaThread "ForkJoinPool-1-worker-126" daemon [_thread_blocked, id=25388, stack(0x00000029e9500000,0x00000029e9600000)]
  0x000001bdb6964000 JavaThread "ForkJoinPool-1-worker-55" daemon [_thread_blocked, id=38400, stack(0x00000029e9600000,0x00000029e9700000)]
  0x000001bdb7333800 JavaThread "ForkJoinPool-1-worker-240" daemon [_thread_blocked, id=11880, stack(0x00000029e9700000,0x00000029e9800000)]
  0x000001bdb7336000 JavaThread "ForkJoinPool-1-worker-169" daemon [_thread_blocked, id=12344, stack(0x00000029e9800000,0x00000029e9900000)]
  0x000001bdb7331800 JavaThread "ForkJoinPool-1-worker-98" daemon [_thread_blocked, id=35104, stack(0x00000029e9900000,0x00000029e9a00000)]
  0x000001bdb7334800 JavaThread "ForkJoinPool-1-worker-27" daemon [_thread_blocked, id=39432, stack(0x00000029e9a00000,0x00000029e9b00000)]
  0x000001bdb7332000 JavaThread "ForkJoinPool-1-worker-212" daemon [_thread_blocked, id=28412, stack(0x00000029e9b00000,0x00000029e9c00000)]
  0x000001bdb732f000 JavaThread "ForkJoinPool-1-worker-141" daemon [_thread_blocked, id=11208, stack(0x00000029e9c00000,0x00000029e9d00000)]
  0x000001bdb7335000 JavaThread "ForkJoinPool-1-worker-70" daemon [_thread_blocked, id=38716, stack(0x00000029e9d00000,0x00000029e9e00000)]
  0x000001bdb7333000 JavaThread "ForkJoinPool-1-worker-255" daemon [_thread_blocked, id=20060, stack(0x00000029e9e00000,0x00000029e9f00000)]
  0x000001bdb7337000 JavaThread "ForkJoinPool-1-worker-184" daemon [_thread_blocked, id=20812, stack(0x00000029e9f00000,0x00000029ea000000)]
  0x000001bdb732f800 JavaThread "ForkJoinPool-1-worker-113" daemon [_thread_blocked, id=21160, stack(0x00000029ea000000,0x00000029ea100000)]
  0x000001bdb7337800 JavaThread "ForkJoinPool-1-worker-42" daemon [_thread_blocked, id=30892, stack(0x00000029ea100000,0x00000029ea200000)]
  0x000001bdb7330800 JavaThread "ForkJoinPool-1-worker-227" daemon [_thread_blocked, id=17472, stack(0x00000029ea200000,0x00000029ea300000)]
  0x000001bdb733c800 JavaThread "ForkJoinPool-1-worker-156" daemon [_thread_blocked, id=35452, stack(0x00000029ea300000,0x00000029ea400000)]
  0x000001bdb733a800 JavaThread "ForkJoinPool-1-worker-85" daemon [_thread_blocked, id=16328, stack(0x00000029ea400000,0x00000029ea500000)]
  0x000001bdb7339000 JavaThread "ForkJoinPool-1-worker-14" daemon [_thread_blocked, id=35732, stack(0x00000029ea500000,0x00000029ea600000)]
  0x000001bdb733d000 JavaThread "ForkJoinPool-1-worker-199" daemon [_thread_blocked, id=21184, stack(0x00000029ea600000,0x00000029ea700000)]

Other Threads:
=>0x000001bdae544800 VMThread "VM Thread" [stack: 0x00000029e0f00000,0x00000029e1000000] [id=24112]
  0x000001bd88349800 GCTaskThread "GC Thread#0" [stack: 0x00000029e0400000,0x00000029e0500000] [id=28152]
  0x000001bd8834a800 GCTaskThread "GC Thread#1" [stack: 0x00000029e0500000,0x00000029e0600000] [id=1484]
  0x000001bd8834d800 GCTaskThread "GC Thread#2" [stack: 0x00000029e0600000,0x00000029e0700000] [id=27808]
  0x000001bd88350000 GCTaskThread "GC Thread#3" [stack: 0x00000029e0700000,0x00000029e0800000] [id=32660]
  0x000001bd883f9800 ConcurrentGCThread "G1 Main Marker" [stack: 0x00000029e0800000,0x00000029e0900000] [id=29384]
  0x000001bd883fd000 ConcurrentGCThread "G1 Conc#0" [stack: 0x00000029e0900000,0x00000029e0a00000] [id=33684]
  0x000001bdadbca800 ConcurrentGCThread "G1 Refine#0" [stack: 0x00000029e0a00000,0x00000029e0b00000] [id=40260]
  0x000001bdadbcb800 ConcurrentGCThread "G1 Refine#1" [stack: 0x00000029e0b00000,0x00000029e0c00000] [id=30884]
  0x000001bdadbcd000 ConcurrentGCThread "G1 Refine#2" [stack: 0x00000029e0c00000,0x00000029e0d00000] [id=27452]
  0x000001bdadbce800 ConcurrentGCThread "G1 Refine#3" [stack: 0x00000029e0d00000,0x00000029e0e00000] [id=37164]
  0x000001bdadbd2000 ConcurrentGCThread "G1 Young RemSet Sampling" [stack: 0x00000029e0e00000,0x00000029e0f00000] [id=22732]

Threads with active compile tasks:

VM state:at safepoint (shutting down)

VM Mutex/Monitor currently owned by a thread:  ([mutex/lock_event])
[0x000001bd8832ef50] Threads_lock - owner thread: 0x000001bdae544800

Heap address: 0x0000000701a00000, size: 3046 MB, Compressed Oops mode: Zero based, Oop shift amount: 3
Narrow klass base: 0x0000000000000000, Narrow klass shift: 3
Compressed class space size: 1073741824 Address: 0x00000007c0000000

Heap:
 garbage-first heap   total 196608K, used 143677K [0x0000000701a00000, 0x00000007c0000000)
  region size 1024K, 61 young (62464K), 4 survivors (4096K)
 Metaspace       used 20881K, capacity 21340K, committed 21760K, reserved 1069056K
  class space    used 2192K, capacity 2435K, committed 2560K, reserved 1048576K
Heap Regions: E=young(eden), S=young(survivor), O=old, HS=humongous(starts), HC=humongous(continues), CS=collection set, F=free, A=archive, TS=gc time stamp, AC=allocation context, TAMS=top-at-mark-start (previous, next)
|   0|0x0000000701a00000, 0x0000000701b00000, 0x0000000701b00000|100%|HS|  |TS  0|AC  0|TAMS 0x0000000701b00000, 0x0000000701b00000|
|   1|0x0000000701b00000, 0x0000000701c00000, 0x0000000701c00000|100%|HC|  |TS  0|AC  0|TAMS 0x0000000701c00000, 0x0000000701c00000|
|   2|0x0000000701c00000, 0x0000000701d00000, 0x0000000701d00000|100%|HC|  |TS  0|AC  0|TAMS 0x0000000701d00000, 0x0000000701d00000|
|   3|0x0000000701d00000, 0x0000000701e00000, 0x0000000701e00000|100%|HC|  |TS  0|AC  0|TAMS 0x0000000701e00000, 0x0000000701e00000|
|   4|0x0000000701e00000, 0x0000000701f00000, 0x0000000701f00000|100%|HC|  |TS  0|AC  0|TAMS 0x0000000701f00000, 0x0000000701f00000|
|   5|0x0000000701f00000, 0x0000000702000000, 0x0000000702000000|100%|HC|  |TS  0|AC  0|TAMS 0x0000000702000000, 0x0000000702000000|
|   6|0x0000000702000000, 0x0000000702100000, 0x0000000702100000|100%|HS|  |TS  0|AC  0|TAMS 0x0000000702100000, 0x0000000702100000|
|   7|0x0000000702100000, 0x0000000702200000, 0x0000000702200000|100%|HC|  |TS  0|AC  0|TAMS 0x0000000702200000, 0x0000000702200000|
|   8|0x0000000702200000, 0x0000000702300000, 0x0000000702300000|100%|HC|  |TS  0|AC  0|TAMS 0x0000000702300000, 0x0000000702300000|
|   9|0x0000000702300000, 0x0000000702400000, 0x0000000702400000|100%|HC|  |TS  0|AC  0|TAMS 0x0000000702400000, 0x0000000702400000|
|  10|0x0000000702400000, 0x0000000702500000, 0x0000000702500000|100%|HC|  |TS  0|AC  0|TAMS 0x0000000702500000, 0x0000000702500000|
|  11|0x0000000702500000, 0x0000000702600000, 0x0000000702600000|100%|HC|  |TS  0|AC  0|TAMS 0x0000000702600000, 0x0000000702600000|
|  12|0x0000000702600000, 0x0000000702700000, 0x0000000702700000|100%|HC|  |TS  0|AC  0|TAMS 0x0000000702700000, 0x0000000702700000|
|  13|0x0000000702700000, 0x0000000702800000, 0x0000000702800000|100%|HC|  |TS  0|AC  0|TAMS 0x0000000702800000, 0x0000000702800000|
|  14|0x0000000702800000, 0x0000000702900000, 0x0000000702900000|100%|HC|  |TS  0|AC  0|TAMS 0x0000000702900000, 0x0000000702900000|
|  15|0x0000000702900000, 0x0000000702a00000, 0x0000000702a00000|100%|HC|  |TS  0|AC  0|TAMS 0x0000000702a00000, 0x0000000702a00000|
|  16|0x0000000702a00000, 0x0000000702b00000, 0x0000000702b00000|100%|HC|  |TS  0|AC  0|TAMS 0x0000000702b00000, 0x0000000702b00000|
|  17|0x0000000702b00000, 0x0000000702c00000, 0x0000000702c00000|100%|HC|  |TS  0|AC  0|TAMS 0x0000000702c00000, 0x0000000702c00000|
|  18|0x0000000702c00000, 0x0000000702d00000, 0x0000000702d00000|100%|HC|  |TS  0|AC  0|TAMS 0x0000000702d00000, 0x0000000702d00000|
|  19|0x0000000702d00000, 0x0000000702e00000, 0x0000000702e00000|100%|HC|  |TS  0|AC  0|TAMS 0x0000000702e00000, 0x0000000702e00000|
|  20|0x0000000702e00000, 0x0000000702f00000, 0x0000000702f00000|100%|HC|  |TS  0|AC  0|TAMS 0x0000000702f00000, 0x0000000702f00000|
|  21|0x0000000702f00000, 0x0000000703000000, 0x0000000703000000|100%|HC|  |TS  0|AC  0|TAMS 0x0000000703000000, 0x0000000703000000|
|  22|0x0000000703000000, 0x0000000703100000, 0x0000000703100000|100%|HC|  |TS  0|AC  0|TAMS 0x0000000703100000, 0x0000000703100000|
|  23|0x0000000703100000, 0x0000000703200000, 0x0000000703200000|100%|HC|  |TS  0|AC  0|TAMS 0x0000000703200000, 0x0000000703200000|
|  24|0x0000000703200000, 0x0000000703300000, 0x0000000703300000|100%|HC|  |TS  0|AC  0|TAMS 0x0000000703300000, 0x0000000703300000|
|  25|0x0000000703300000, 0x0000000703400000, 0x0000000703400000|100%|HC|  |TS  0|AC  0|TAMS 0x0000000703400000, 0x0000000703400000|
|  26|0x0000000703400000, 0x0000000703500000, 0x0000000703500000|100%|HC|  |TS  0|AC  0|TAMS 0x0000000703500000, 0x0000000703500000|
|  27|0x0000000703500000, 0x0000000703600000, 0x0000000703600000|100%|HC|  |TS  0|AC  0|TAMS 0x0000000703600000, 0x0000000703600000|
|  28|0x0000000703600000, 0x0000000703700000, 0x0000000703700000|100%|HS|  |TS  0|AC  0|TAMS 0x0000000703700000, 0x0000000703700000|
|  29|0x0000000703700000, 0x0000000703800000, 0x0000000703800000|100%|HC|  |TS  0|AC  0|TAMS 0x0000000703800000, 0x0000000703800000|
|  30|0x0000000703800000, 0x0000000703900000, 0x0000000703900000|100%|HC|  |TS  0|AC  0|TAMS 0x0000000703900000, 0x0000000703900000|
|  31|0x0000000703900000, 0x0000000703a00000, 0x0000000703a00000|100%|HC|  |TS  0|AC  0|TAMS 0x0000000703a00000, 0x0000000703a00000|
|  32|0x0000000703a00000, 0x0000000703b00000, 0x0000000703b00000|100%|HC|  |TS  0|AC  0|TAMS 0x0000000703b00000, 0x0000000703b00000|
|  33|0x0000000703b00000, 0x0000000703c00000, 0x0000000703c00000|100%|HS|  |TS  0|AC  0|TAMS 0x0000000703c00000, 0x0000000703c00000|
|  34|0x0000000703c00000, 0x0000000703d00000, 0x0000000703d00000|100%|HC|  |TS  0|AC  0|TAMS 0x0000000703d00000, 0x0000000703d00000|
|  35|0x0000000703d00000, 0x0000000703e00000, 0x0000000703e00000|100%|HS|  |TS  0|AC  0|TAMS 0x0000000703e00000, 0x0000000703e00000|
|  36|0x0000000703e00000, 0x0000000703f00000, 0x0000000703f00000|100%|HC|  |TS  0|AC  0|TAMS 0x0000000703f00000, 0x0000000703f00000|
|  37|0x0000000703f00000, 0x0000000704000000, 0x0000000704000000|100%|HS|  |TS  0|AC  0|TAMS 0x0000000704000000, 0x0000000704000000|
|  38|0x0000000704000000, 0x0000000704100000, 0x0000000704100000|100%|HS|  |TS  0|AC  0|TAMS 0x0000000704100000, 0x0000000704100000|
|  39|0x0000000704100000, 0x0000000704200000, 0x0000000704200000|100%|HC|  |TS  0|AC  0|TAMS 0x0000000704200000, 0x0000000704200000|
|  40|0x0000000704200000, 0x0000000704300000, 0x0000000704300000|100%|HS|  |TS  0|AC  0|TAMS 0x0000000704200000, 0x0000000704200000|
|  41|0x0000000704300000, 0x0000000704400000, 0x0000000704400000|100%| O|  |TS  2|AC  0|TAMS 0x0000000704300000, 0x0000000704300000|
|  42|0x0000000704400000, 0x0000000704500000, 0x0000000704500000|100%|HS|  |TS  0|AC  0|TAMS 0x0000000704500000, 0x0000000704500000|
|  43|0x0000000704500000, 0x0000000704600000, 0x0000000704600000|100%|HC|  |TS  0|AC  0|TAMS 0x0000000704600000, 0x0000000704600000|
|  44|0x0000000704600000, 0x0000000704700000, 0x0000000704700000|100%|HS|  |TS  0|AC  0|TAMS 0x0000000704600000, 0x0000000704600000|
|  45|0x0000000704700000, 0x0000000704800000, 0x0000000704800000|100%| O|  |TS  0|AC  0|TAMS 0x0000000704800000, 0x0000000704800000|
|  46|0x0000000704800000, 0x0000000704900000, 0x0000000704900000|100%| O|  |TS  0|AC  0|TAMS 0x0000000704900000, 0x0000000704900000|
|  47|0x0000000704900000, 0x0000000704a00000, 0x0000000704a00000|100%| O|  |TS  2|AC  0|TAMS 0x0000000704900000, 0x0000000704900000|
|  48|0x0000000704a00000, 0x0000000704b00000, 0x0000000704b00000|100%| O|  |TS  2|AC  0|TAMS 0x0000000704a00000, 0x0000000704a00000|
|  49|0x0000000704b00000, 0x0000000704c00000, 0x0000000704c00000|100%| O|  |TS  2|AC  0|TAMS 0x0000000704b00000, 0x0000000704b00000|
|  50|0x0000000704c00000, 0x0000000704c6f400, 0x0000000704d00000| 43%| O|  |TS  7|AC  0|TAMS 0x0000000704c00000, 0x0000000704c00000|
|  51|0x0000000704d00000, 0x0000000704d00000, 0x0000000704e00000|  0%| F|  |TS  1|AC  0|TAMS 0x0000000704d00000, 0x0000000704d00000|
|  52|0x0000000704e00000, 0x0000000704f00000, 0x0000000704f00000|100%|HS|  |TS  0|AC  0|TAMS 0x0000000704f00000, 0x0000000704f00000|
|  53|0x0000000704f00000, 0x0000000705000000, 0x0000000705000000|100%|HC|  |TS  0|AC  0|TAMS 0x0000000705000000, 0x0000000705000000|
|  54|0x0000000705000000, 0x0000000705100000, 0x0000000705100000|100%|HC|  |TS  0|AC  0|TAMS 0x0000000705100000, 0x0000000705100000|
|  55|0x0000000705100000, 0x0000000705200000, 0x0000000705200000|100%|HC|  |TS  0|AC  0|TAMS 0x0000000705200000, 0x0000000705200000|
|  56|0x0000000705200000, 0x0000000705300000, 0x0000000705300000|100%|HC|  |TS  0|AC  0|TAMS 0x0000000705300000, 0x0000000705300000|
|  57|0x0000000705300000, 0x0000000705400000, 0x0000000705400000|100%| O|  |TS  2|AC  0|TAMS 0x00000007053fec00, 0x00000007053fec00|
|  58|0x0000000705400000, 0x0000000705500000, 0x0000000705500000|100%|HS|  |TS  0|AC  0|TAMS 0x0000000705500000, 0x0000000705500000|
|  59|0x0000000705500000, 0x0000000705600000, 0x0000000705600000|100%|HC|  |TS  0|AC  0|TAMS 0x0000000705600000, 0x0000000705600000|
|  60|0x0000000705600000, 0x0000000705700000, 0x0000000705700000|100%|HS|  |TS  0|AC  0|TAMS 0x0000000705700000, 0x0000000705700000|
|  61|0x0000000705700000, 0x0000000705800000, 0x0000000705800000|100%|HC|  |TS  0|AC  0|TAMS 0x0000000705800000, 0x0000000705800000|
|  62|0x0000000705800000, 0x0000000705900000, 0x0000000705900000|100%|HC|  |TS  0|AC  0|TAMS 0x0000000705900000, 0x0000000705900000|
|  63|0x0000000705900000, 0x0000000705a00000, 0x0000000705a00000|100%|HS|  |TS  0|AC  0|TAMS 0x0000000705a00000, 0x0000000705a00000|
|  64|0x0000000705a00000, 0x0000000705b00000, 0x0000000705b00000|100%|HC|  |TS  0|AC  0|TAMS 0x0000000705b00000, 0x0000000705b00000|
|  65|0x0000000705b00000, 0x0000000705c00000, 0x0000000705c00000|100%|HC|  |TS  0|AC  0|TAMS 0x0000000705c00000, 0x0000000705c00000|
|  66|0x0000000705c00000, 0x0000000705d00000, 0x0000000705d00000|100%|HS|  |TS  0|AC  0|TAMS 0x0000000705d00000, 0x0000000705d00000|
|  67|0x0000000705d00000, 0x0000000705e00000, 0x0000000705e00000|100%|HC|  |TS  0|AC  0|TAMS 0x0000000705e00000, 0x0000000705e00000|
|  68|0x0000000705e00000, 0x0000000705f00000, 0x0000000705f00000|100%|HC|  |TS  0|AC  0|TAMS 0x0000000705f00000, 0x0000000705f00000|
|  69|0x0000000705f00000, 0x0000000706000000, 0x0000000706000000|100%|HC|  |TS  0|AC  0|TAMS 0x0000000706000000, 0x0000000706000000|
|  70|0x0000000706000000, 0x0000000706100000, 0x0000000706100000|100%|HS|  |TS  0|AC  0|TAMS 0x0000000706100000, 0x0000000706100000|
|  71|0x0000000706100000, 0x0000000706200000, 0x0000000706200000|100%|HC|  |TS  0|AC  0|TAMS 0x0000000706200000, 0x0000000706200000|
|  72|0x0000000706200000, 0x0000000706200000, 0x0000000706300000|  0%| F|  |TS  0|AC  0|TAMS 0x0000000706200000, 0x0000000706200000|
|  73|0x0000000706300000, 0x0000000706300000, 0x0000000706400000|  0%| F|  |TS  0|AC  0|TAMS 0x0000000706300000, 0x0000000706300000|
|  74|0x0000000706400000, 0x0000000706500000, 0x0000000706500000|100%|HS|  |TS  0|AC  0|TAMS 0x0000000706500000, 0x0000000706500000|
|  75|0x0000000706500000, 0x0000000706600000, 0x0000000706600000|100%|HC|  |TS  0|AC  0|TAMS 0x0000000706600000, 0x0000000706600000|
|  76|0x0000000706600000, 0x0000000706700000, 0x0000000706700000|100%|HC|  |TS  0|AC  0|TAMS 0x0000000706700000, 0x0000000706700000|
|  77|0x0000000706700000, 0x0000000706800000, 0x0000000706800000|100%|HC|  |TS  0|AC  0|TAMS 0x0000000706800000, 0x0000000706800000|
|  78|0x0000000706800000, 0x0000000706900000, 0x0000000706900000|100%|HC|  |TS  0|AC  0|TAMS 0x0000000706900000, 0x0000000706900000|
|  79|0x0000000706900000, 0x0000000706a00000, 0x0000000706a00000|100%|HC|  |TS  0|AC  0|TAMS 0x0000000706a00000, 0x0000000706a00000|
|  80|0x0000000706a00000, 0x0000000706b00000, 0x0000000706b00000|100%|HS|  |TS  0|AC  0|TAMS 0x0000000706b00000, 0x0000000706b00000|
|  81|0x0000000706b00000, 0x0000000706c00000, 0x0000000706c00000|100%|HC|  |TS  0|AC  0|TAMS 0x0000000706c00000, 0x0000000706c00000|
|  82|0x0000000706c00000, 0x0000000706c00000, 0x0000000706d00000|  0%| F|  |TS  0|AC  0|TAMS 0x0000000706c00000, 0x0000000706c00000|
|  83|0x0000000706d00000, 0x0000000706d00000, 0x0000000706e00000|  0%| F|  |TS  0|AC  0|TAMS 0x0000000706d00000, 0x0000000706d00000|
|  84|0x0000000706e00000, 0x0000000706e00000, 0x0000000706f00000|  0%| F|  |TS  0|AC  0|TAMS 0x0000000706e00000, 0x0000000706e00000|
|  85|0x0000000706f00000, 0x0000000706f00000, 0x0000000707000000|  0%| F|  |TS  0|AC  0|TAMS 0x0000000706f00000, 0x0000000706f00000|
|  86|0x0000000707000000, 0x0000000707100000, 0x0000000707100000|100%|HS|  |TS  0|AC  0|TAMS 0x0000000707100000, 0x0000000707100000|
|  87|0x0000000707100000, 0x0000000707200000, 0x0000000707200000|100%|HC|  |TS  0|AC  0|TAMS 0x0000000707200000, 0x0000000707200000|
|  88|0x0000000707200000, 0x0000000707200000, 0x0000000707300000|  0%| F|  |TS  0|AC  0|TAMS 0x0000000707200000, 0x0000000707200000|
|  89|0x0000000707300000, 0x0000000707300000, 0x0000000707400000|  0%| F|  |TS  0|AC  0|TAMS 0x0000000707300000, 0x0000000707300000|
|  90|0x0000000707400000, 0x0000000707400000, 0x0000000707500000|  0%| F|  |TS  0|AC  0|TAMS 0x0000000707400000, 0x0000000707400000|
|  91|0x0000000707500000, 0x0000000707500000, 0x0000000707600000|  0%| F|  |TS  0|AC  0|TAMS 0x0000000707500000, 0x0000000707500000|
|  92|0x0000000707600000, 0x0000000707600000, 0x0000000707700000|  0%| F|  |TS  0|AC  0|TAMS 0x0000000707600000, 0x0000000707600000|
|  93|0x0000000707700000, 0x0000000707700000, 0x0000000707800000|  0%| F|  |TS  0|AC  0|TAMS 0x0000000707700000, 0x0000000707700000|
|  94|0x0000000707800000, 0x0000000707800000, 0x0000000707900000|  0%| F|  |TS  0|AC  0|TAMS 0x0000000707800000, 0x0000000707800000|
|  95|0x0000000707900000, 0x0000000707900000, 0x0000000707a00000|  0%| F|  |TS  0|AC  0|TAMS 0x0000000707900000, 0x0000000707900000|
|  96|0x0000000707a00000, 0x0000000707a00000, 0x0000000707b00000|  0%| F|  |TS  0|AC  0|TAMS 0x0000000707a00000, 0x0000000707a00000|
|  97|0x0000000707b00000, 0x0000000707b00000, 0x0000000707c00000|  0%| F|  |TS  0|AC  0|TAMS 0x0000000707b00000, 0x0000000707b00000|
|  98|0x0000000707c00000, 0x0000000707c00000, 0x0000000707d00000|  0%| F|  |TS  0|AC  0|TAMS 0x0000000707c00000, 0x0000000707c00000|
|  99|0x0000000707d00000, 0x0000000707d00000, 0x0000000707e00000|  0%| F|  |TS  0|AC  0|TAMS 0x0000000707d00000, 0x0000000707d00000|
| 100|0x0000000707e00000, 0x0000000707e00000, 0x0000000707f00000|  0%| F|  |TS  0|AC  0|TAMS 0x0000000707e00000, 0x0000000707e00000|
| 101|0x0000000707f00000, 0x0000000707f00000, 0x0000000708000000|  0%| F|  |TS  0|AC  0|TAMS 0x0000000707f00000, 0x0000000707f00000|
| 102|0x0000000708000000, 0x0000000708000000, 0x0000000708100000|  0%| F|  |TS  0|AC  0|TAMS 0x0000000708000000, 0x0000000708000000|
| 103|0x0000000708100000, 0x0000000708100000, 0x0000000708200000|  0%| F|  |TS  0|AC  0|TAMS 0x0000000708100000, 0x0000000708100000|
| 104|0x0000000708200000, 0x0000000708200000, 0x0000000708300000|  0%| F|  |TS  0|AC  0|TAMS 0x0000000708200000, 0x0000000708200000|
| 105|0x0000000708300000, 0x0000000708300000, 0x0000000708400000|  0%| F|  |TS  0|AC  0|TAMS 0x0000000708300000, 0x0000000708300000|
| 106|0x0000000708400000, 0x0000000708400000, 0x0000000708500000|  0%| F|  |TS  0|AC  0|TAMS 0x0000000708400000, 0x0000000708400000|
| 107|0x0000000708500000, 0x0000000708500000, 0x0000000708600000|  0%| F|  |TS  0|AC  0|TAMS 0x0000000708500000, 0x0000000708500000|
| 108|0x0000000708600000, 0x0000000708600000, 0x0000000708700000|  0%| F|  |TS  0|AC  0|TAMS 0x0000000708600000, 0x0000000708600000|
| 109|0x0000000708700000, 0x0000000708700000, 0x0000000708800000|  0%| F|  |TS  0|AC  0|TAMS 0x0000000708700000, 0x0000000708700000|
| 110|0x0000000708800000, 0x00000007088e01c0, 0x0000000708900000| 87%| S|CS|TS  7|AC  0|TAMS 0x0000000708800000, 0x0000000708800000|
| 111|0x0000000708900000, 0x0000000708900000, 0x0000000708a00000|  0%| F|  |TS  7|AC  0|TAMS 0x0000000708900000, 0x0000000708900000|
| 112|0x0000000708a00000, 0x0000000708a00000, 0x0000000708b00000|  0%| F|  |TS  7|AC  0|TAMS 0x0000000708a00000, 0x0000000708a00000|
| 113|0x0000000708b00000, 0x0000000708c00000, 0x0000000708c00000|100%| S|CS|TS  7|AC  0|TAMS 0x0000000708b00000, 0x0000000708b00000|
| 114|0x0000000708c00000, 0x0000000708c00000, 0x0000000708d00000|  0%| F|  |TS  7|AC  0|TAMS 0x0000000708c00000, 0x0000000708c00000|
| 115|0x0000000708d00000, 0x0000000708d00000, 0x0000000708e00000|  0%| F|  |TS  7|AC  0|TAMS 0x0000000708d00000, 0x0000000708d00000|
| 116|0x0000000708e00000, 0x0000000708f00000, 0x0000000708f00000|100%| S|CS|TS  7|AC  0|TAMS 0x0000000708e00000, 0x0000000708e00000|
| 117|0x0000000708f00000, 0x0000000709000000, 0x0000000709000000|100%| S|CS|TS  7|AC  0|TAMS 0x0000000708f00000, 0x0000000708f00000|
| 118|0x0000000709000000, 0x0000000709000000, 0x0000000709100000|  0%| F|  |TS  7|AC  0|TAMS 0x0000000709000000, 0x0000000709000000|
| 119|0x0000000709100000, 0x0000000709100000, 0x0000000709200000|  0%| F|  |TS  7|AC  0|TAMS 0x0000000709100000, 0x0000000709100000|
| 120|0x0000000709200000, 0x0000000709200000, 0x0000000709300000|  0%| F|  |TS  7|AC  0|TAMS 0x0000000709200000, 0x0000000709200000|
| 121|0x0000000709300000, 0x0000000709300000, 0x0000000709400000|  0%| F|  |TS  7|AC  0|TAMS 0x0000000709300000, 0x0000000709300000|
| 122|0x0000000709400000, 0x0000000709400000, 0x0000000709500000|  0%| F|  |TS  7|AC  0|TAMS 0x0000000709400000, 0x0000000709400000|
| 123|0x0000000709500000, 0x0000000709500000, 0x0000000709600000|  0%| F|  |TS  7|AC  0|TAMS 0x0000000709500000, 0x0000000709500000|
| 124|0x0000000709600000, 0x0000000709600000, 0x0000000709700000|  0%| F|  |TS  7|AC  0|TAMS 0x0000000709600000, 0x0000000709600000|
| 125|0x0000000709700000, 0x0000000709700000, 0x0000000709800000|  0%| F|  |TS  7|AC  0|TAMS 0x0000000709700000, 0x0000000709700000|
| 126|0x0000000709800000, 0x0000000709800000, 0x0000000709900000|  0%| F|  |TS  7|AC  0|TAMS 0x0000000709800000, 0x0000000709800000|
| 127|0x0000000709900000, 0x0000000709900000, 0x0000000709a00000|  0%| F|  |TS  7|AC  0|TAMS 0x0000000709900000, 0x0000000709900000|
| 128|0x0000000709a00000, 0x0000000709a00000, 0x0000000709b00000|  0%| F|  |TS  7|AC  0|TAMS 0x0000000709a00000, 0x0000000709a00000|
| 129|0x0000000709b00000, 0x0000000709b00000, 0x0000000709c00000|  0%| F|  |TS  7|AC  0|TAMS 0x0000000709b00000, 0x0000000709b00000|
| 130|0x0000000709c00000, 0x0000000709c00000, 0x0000000709d00000|  0%| F|  |TS  7|AC  0|TAMS 0x0000000709c00000, 0x0000000709c00000|
| 131|0x0000000709d00000, 0x0000000709d00000, 0x0000000709e00000|  0%| F|  |TS  7|AC  0|TAMS 0x0000000709d00000, 0x0000000709d00000|
| 132|0x0000000709e00000, 0x0000000709e00000, 0x0000000709f00000|  0%| F|  |TS  7|AC  0|TAMS 0x0000000709e00000, 0x0000000709e00000|
| 133|0x0000000709f00000, 0x0000000709f00000, 0x000000070a000000|  0%| F|  |TS  7|AC  0|TAMS 0x0000000709f00000, 0x0000000709f00000|
| 134|0x000000070a000000, 0x000000070a000000, 0x000000070a100000|  0%| F|  |TS  7|AC  0|TAMS 0x000000070a000000, 0x000000070a000000|
| 135|0x000000070a100000, 0x000000070a1b70d0, 0x000000070a200000| 71%| E|  |TS  7|AC  0|TAMS 0x000000070a100000, 0x000000070a100000|
| 136|0x000000070a200000, 0x000000070a300000, 0x000000070a300000|100%| E|CS|TS  7|AC  0|TAMS 0x000000070a200000, 0x000000070a200000|
| 137|0x000000070a300000, 0x000000070a400000, 0x000000070a400000|100%| E|CS|TS  7|AC  0|TAMS 0x000000070a300000, 0x000000070a300000|
| 138|0x000000070a400000, 0x000000070a500000, 0x000000070a500000|100%| E|CS|TS  7|AC  0|TAMS 0x000000070a400000, 0x000000070a400000|
| 139|0x000000070a500000, 0x000000070a600000, 0x000000070a600000|100%| E|CS|TS  7|AC  0|TAMS 0x000000070a500000, 0x000000070a500000|
| 140|0x000000070a600000, 0x000000070a700000, 0x000000070a700000|100%| E|CS|TS  7|AC  0|TAMS 0x000000070a600000, 0x000000070a600000|
| 141|0x000000070a700000, 0x000000070a800000, 0x000000070a800000|100%| E|CS|TS  7|AC  0|TAMS 0x000000070a700000, 0x000000070a700000|
| 142|0x000000070a800000, 0x000000070a900000, 0x000000070a900000|100%| E|CS|TS  7|AC  0|TAMS 0x000000070a800000, 0x000000070a800000|
| 143|0x000000070a900000, 0x000000070aa00000, 0x000000070aa00000|100%| E|CS|TS  7|AC  0|TAMS 0x000000070a900000, 0x000000070a900000|
| 144|0x000000070aa00000, 0x000000070ab00000, 0x000000070ab00000|100%| E|CS|TS  7|AC  0|TAMS 0x000000070aa00000, 0x000000070aa00000|
| 145|0x000000070ab00000, 0x000000070ac00000, 0x000000070ac00000|100%| E|CS|TS  7|AC  0|TAMS 0x000000070ab00000, 0x000000070ab00000|
| 146|0x000000070ac00000, 0x000000070ad00000, 0x000000070ad00000|100%| E|CS|TS  7|AC  0|TAMS 0x000000070ac00000, 0x000000070ac00000|
| 147|0x000000070ad00000, 0x000000070ae00000, 0x000000070ae00000|100%| E|CS|TS  7|AC  0|TAMS 0x000000070ad00000, 0x000000070ad00000|
| 148|0x000000070ae00000, 0x000000070af00000, 0x000000070af00000|100%| E|CS|TS  7|AC  0|TAMS 0x000000070ae00000, 0x000000070ae00000|
| 149|0x000000070af00000, 0x000000070b000000, 0x000000070b000000|100%| E|CS|TS  7|AC  0|TAMS 0x000000070af00000, 0x000000070af00000|
| 150|0x000000070b000000, 0x000000070b100000, 0x000000070b100000|100%| E|CS|TS  7|AC  0|TAMS 0x000000070b000000, 0x000000070b000000|
| 151|0x000000070b100000, 0x000000070b200000, 0x000000070b200000|100%| E|CS|TS  7|AC  0|TAMS 0x000000070b100000, 0x000000070b100000|
| 152|0x000000070b200000, 0x000000070b300000, 0x000000070b300000|100%| E|CS|TS  7|AC  0|TAMS 0x000000070b200000, 0x000000070b200000|
| 153|0x000000070b300000, 0x000000070b400000, 0x000000070b400000|100%| E|CS|TS  7|AC  0|TAMS 0x000000070b300000, 0x000000070b300000|
| 154|0x000000070b400000, 0x000000070b500000, 0x000000070b500000|100%| E|CS|TS  7|AC  0|TAMS 0x000000070b400000, 0x000000070b400000|
| 155|0x000000070b500000, 0x000000070b600000, 0x000000070b600000|100%| E|CS|TS  7|AC  0|TAMS 0x000000070b500000, 0x000000070b500000|
| 156|0x000000070b600000, 0x000000070b700000, 0x000000070b700000|100%| E|CS|TS  7|AC  0|TAMS 0x000000070b600000, 0x000000070b600000|
| 157|0x000000070b700000, 0x000000070b800000, 0x000000070b800000|100%| E|CS|TS  7|AC  0|TAMS 0x000000070b700000, 0x000000070b700000|
| 158|0x000000070b800000, 0x000000070b900000, 0x000000070b900000|100%| E|CS|TS  7|AC  0|TAMS 0x000000070b800000, 0x000000070b800000|
| 159|0x000000070b900000, 0x000000070ba00000, 0x000000070ba00000|100%| E|CS|TS  7|AC  0|TAMS 0x000000070b900000, 0x000000070b900000|
| 160|0x000000070ba00000, 0x000000070bb00000, 0x000000070bb00000|100%| E|CS|TS  7|AC  0|TAMS 0x000000070ba00000, 0x000000070ba00000|
| 161|0x000000070bb00000, 0x000000070bc00000, 0x000000070bc00000|100%| E|CS|TS  7|AC  0|TAMS 0x000000070bb00000, 0x000000070bb00000|
| 162|0x000000070bc00000, 0x000000070bd00000, 0x000000070bd00000|100%| E|CS|TS  7|AC  0|TAMS 0x000000070bc00000, 0x000000070bc00000|
| 163|0x000000070bd00000, 0x000000070be00000, 0x000000070be00000|100%| E|CS|TS  7|AC  0|TAMS 0x000000070bd00000, 0x000000070bd00000|
| 164|0x000000070be00000, 0x000000070bf00000, 0x000000070bf00000|100%| E|CS|TS  7|AC  0|TAMS 0x000000070be00000, 0x000000070be00000|
| 165|0x000000070bf00000, 0x000000070c000000, 0x000000070c000000|100%| E|CS|TS  7|AC  0|TAMS 0x000000070bf00000, 0x000000070bf00000|
| 166|0x000000070c000000, 0x000000070c100000, 0x000000070c100000|100%| E|CS|TS  7|AC  0|TAMS 0x000000070c000000, 0x000000070c000000|
| 167|0x000000070c100000, 0x000000070c200000, 0x000000070c200000|100%| E|CS|TS  7|AC  0|TAMS 0x000000070c100000, 0x000000070c100000|
| 168|0x000000070c200000, 0x000000070c300000, 0x000000070c300000|100%| E|CS|TS  7|AC  0|TAMS 0x000000070c200000, 0x000000070c200000|
| 169|0x000000070c300000, 0x000000070c400000, 0x000000070c400000|100%| E|CS|TS  7|AC  0|TAMS 0x000000070c300000, 0x000000070c300000|
| 170|0x000000070c400000, 0x000000070c500000, 0x000000070c500000|100%| E|CS|TS  7|AC  0|TAMS 0x000000070c400000, 0x000000070c400000|
| 171|0x000000070c500000, 0x000000070c600000, 0x000000070c600000|100%| E|CS|TS  7|AC  0|TAMS 0x000000070c500000, 0x000000070c500000|
| 172|0x000000070c600000, 0x000000070c700000, 0x000000070c700000|100%| E|CS|TS  7|AC  0|TAMS 0x000000070c600000, 0x000000070c600000|
| 173|0x000000070c700000, 0x000000070c800000, 0x000000070c800000|100%| E|CS|TS  7|AC  0|TAMS 0x000000070c700000, 0x000000070c700000|
| 174|0x000000070c800000, 0x000000070c900000, 0x000000070c900000|100%| E|CS|TS  7|AC  0|TAMS 0x000000070c800000, 0x000000070c800000|
| 175|0x000000070c900000, 0x000000070ca00000, 0x000000070ca00000|100%| E|CS|TS  7|AC  0|TAMS 0x000000070c900000, 0x000000070c900000|
| 176|0x000000070ca00000, 0x000000070cb00000, 0x000000070cb00000|100%| E|CS|TS  7|AC  0|TAMS 0x000000070ca00000, 0x000000070ca00000|
| 177|0x000000070cb00000, 0x000000070cc00000, 0x000000070cc00000|100%| E|CS|TS  7|AC  0|TAMS 0x000000070cb00000, 0x000000070cb00000|
| 178|0x000000070cc00000, 0x000000070cd00000, 0x000000070cd00000|100%| E|CS|TS  7|AC  0|TAMS 0x000000070cc00000, 0x000000070cc00000|
| 179|0x000000070cd00000, 0x000000070ce00000, 0x000000070ce00000|100%| E|CS|TS  7|AC  0|TAMS 0x000000070cd00000, 0x000000070cd00000|
| 180|0x000000070ce00000, 0x000000070cf00000, 0x000000070cf00000|100%| E|CS|TS  7|AC  0|TAMS 0x000000070ce00000, 0x000000070ce00000|
| 181|0x000000070cf00000, 0x000000070d000000, 0x000000070d000000|100%| E|CS|TS  7|AC  0|TAMS 0x000000070cf00000, 0x000000070cf00000|
| 182|0x000000070d000000, 0x000000070d100000, 0x000000070d100000|100%| E|CS|TS  7|AC  0|TAMS 0x000000070d000000, 0x000000070d000000|
| 183|0x000000070d100000, 0x000000070d200000, 0x000000070d200000|100%| E|CS|TS  7|AC  0|TAMS 0x000000070d100000, 0x000000070d100000|
| 184|0x000000070d200000, 0x000000070d300000, 0x000000070d300000|100%| E|CS|TS  7|AC  0|TAMS 0x000000070d200000, 0x000000070d200000|
| 185|0x000000070d300000, 0x000000070d400000, 0x000000070d400000|100%| E|CS|TS  7|AC  0|TAMS 0x000000070d300000, 0x000000070d300000|
| 186|0x000000070d400000, 0x000000070d500000, 0x000000070d500000|100%| E|CS|TS  7|AC  0|TAMS 0x000000070d400000, 0x000000070d400000|
| 187|0x000000070d500000, 0x000000070d600000, 0x000000070d600000|100%| E|CS|TS  7|AC  0|TAMS 0x000000070d500000, 0x000000070d500000|
| 188|0x000000070d600000, 0x000000070d700000, 0x000000070d700000|100%| E|CS|TS  7|AC  0|TAMS 0x000000070d600000, 0x000000070d600000|
| 189|0x000000070d700000, 0x000000070d800000, 0x000000070d800000|100%| E|CS|TS  7|AC  0|TAMS 0x000000070d700000, 0x000000070d700000|
| 190|0x000000070d800000, 0x000000070d900000, 0x000000070d900000|100%| E|CS|TS  7|AC  0|TAMS 0x000000070d800000, 0x000000070d800000|
| 191|0x000000070d900000, 0x000000070da00000, 0x000000070da00000|100%| E|CS|TS  7|AC  0|TAMS 0x000000070d900000, 0x000000070d900000|

Card table byte_map: [0x000001bda4ae0000,0x000001bda50e0000] byte_map_base: 0x000001bda12d3000

Marking Bits (Prev, Next): (CMBitMap*) 0x000001bd883f8948, (CMBitMap*) 0x000001bd883f8910
 Prev Bits: [0x000001bda8680000, 0x000001bdab618000)
 Next Bits: [0x000001bda56e0000, 0x000001bda8678000)

Polling page: 0x000001bd88190000

CodeHeap 'non-profiled nmethods': size=120064Kb used=1672Kb max_used=1672Kb free=118391Kb
 bounds [0x000001bd9c980000, 0x000001bd9cbf0000, 0x000001bda3ec0000]
CodeHeap 'profiled nmethods': size=120000Kb used=5542Kb max_used=5542Kb free=114457Kb
 bounds [0x000001bd95450000, 0x000001bd959c0000, 0x000001bd9c980000]
CodeHeap 'non-nmethods': size=5696Kb used=1229Kb max_used=1262Kb free=4466Kb
 bounds [0x000001bd94ec0000, 0x000001bd95130000, 0x000001bd95450000]
 total_blobs=4158 nmethods=2772 adapters=514
 compilation: enabled

Compilation events (10 events):
Event: 8.885 Thread 0x000001bdae5f0800 nmethod 2769 0x000001bd959b6190 code [0x000001bd959b6360, 0x000001bd959b65d0]
Event: 8.888 Thread 0x000001bdadd1c000 nmethod 2768% 0x000001bd9cb21a90 code [0x000001bd9cb21c40, 0x000001bd9cb22018]
Event: 8.892 Thread 0x000001bdae5f0800 2770       3       sun.java2d.Disposer::addRecord (17 bytes)
Event: 8.892 Thread 0x000001bdae5f0800 nmethod 2770 0x000001bd959b6690 code [0x000001bd959b6860, 0x000001bd959b6b30]
Event: 8.892 Thread 0x000001bdae5f0800 2771       3       sun.java2d.DefaultDisposerRecord::<init> (15 bytes)
Event: 8.892 Thread 0x000001bdae5f0800 nmethod 2771 0x000001bd959b6c90 code [0x000001bd959b6e40, 0x000001bd959b6ff8]
Event: 8.894 Thread 0x000001bdae5f0800 2772  s    3       sun.java2d.ScreenUpdateManager::getInstance (39 bytes)
Event: 8.896 Thread 0x000001bdae5f0800 nmethod 2772 0x000001bd959b7090 code [0x000001bd959b7300, 0x000001bd959b8030]
Event: 8.948 Thread 0x000001bdae5f0800 2773   !   3       java.util.logging.LogManager::ensureLogManagerInitialized (144 bytes)
Event: 8.949 Thread 0x000001bdae5f0800 nmethod 2773 0x000001bd959b8390 code [0x000001bd959b8640, 0x000001bd959b93c0]

GC Heap History (10 events):
Event: 6.262 GC heap before
{Heap before GC invocations=10 (full 0):
 garbage-first heap   total 196608K, used 146925K [0x0000000701a00000, 0x00000007c0000000)
  region size 1024K, 64 young (65536K), 2 survivors (2048K)
 Metaspace       used 20629K, capacity 21081K, committed 21504K, reserved 1069056K
  class space    used 2192K, capacity 2435K, committed 2560K, reserved 1048576K
}
Event: 6.264 GC heap after
{Heap after GC invocations=11 (full 0):
 garbage-first heap   total 196608K, used 83997K [0x0000000701a00000, 0x00000007c0000000)
  region size 1024K, 2 young (2048K), 2 survivors (2048K)
 Metaspace       used 20629K, capacity 21081K, committed 21504K, reserved 1069056K
  class space    used 2192K, capacity 2435K, committed 2560K, reserved 1048576K
}
Event: 6.757 GC heap before
{Heap before GC invocations=11 (full 0):
 garbage-first heap   total 196608K, used 158749K [0x0000000701a00000, 0x00000007c0000000)
  region size 1024K, 75 young (76800K), 2 survivors (2048K)
 Metaspace       used 20685K, capacity 21145K, committed 21504K, reserved 1069056K
  class space    used 2192K, capacity 2435K, committed 2560K, reserved 1048576K
}
Event: 6.758 GC heap after
{Heap after GC invocations=12 (full 0):
 garbage-first heap   total 196608K, used 84509K [0x0000000701a00000, 0x00000007c0000000)
  region size 1024K, 3 young (3072K), 3 survivors (3072K)
 Metaspace       used 20685K, capacity 21145K, committed 21504K, reserved 1069056K
  class space    used 2192K, capacity 2435K, committed 2560K, reserved 1048576K
}
Event: 7.292 GC heap before
{Heap before GC invocations=12 (full 0):
 garbage-first heap   total 196608K, used 159261K [0x0000000701a00000, 0x00000007c0000000)
  region size 1024K, 76 young (77824K), 3 survivors (3072K)
 Metaspace       used 20715K, capacity 21146K, committed 21504K, reserved 1069056K
  class space    used 2192K, capacity 2435K, committed 2560K, reserved 1048576K
}
Event: 7.294 GC heap after
{Heap after GC invocations=13 (full 0):
 garbage-first heap   total 196608K, used 85096K [0x0000000701a00000, 0x00000007c0000000)
  region size 1024K, 3 young (3072K), 3 survivors (3072K)
 Metaspace       used 20715K, capacity 21146K, committed 21504K, reserved 1069056K
  class space    used 2192K, capacity 2435K, committed 2560K, reserved 1048576K
}
Event: 7.829 GC heap before
{Heap before GC invocations=13 (full 0):
 garbage-first heap   total 196608K, used 160872K [0x0000000701a00000, 0x00000007c0000000)
  region size 1024K, 77 young (78848K), 3 survivors (3072K)
 Metaspace       used 20791K, capacity 21210K, committed 21504K, reserved 1069056K
  class space    used 2192K, capacity 2435K, committed 2560K, reserved 1048576K
}
Event: 7.831 GC heap after
{Heap after GC invocations=14 (full 0):
 garbage-first heap   total 196608K, used 85777K [0x0000000701a00000, 0x00000007c0000000)
  region size 1024K, 4 young (4096K), 4 survivors (4096K)
 Metaspace       used 20791K, capacity 21210K, committed 21504K, reserved 1069056K
  class space    used 2192K, capacity 2435K, committed 2560K, reserved 1048576K
}
Event: 8.460 GC heap before
{Heap before GC invocations=14 (full 0):
 garbage-first heap   total 196608K, used 161553K [0x0000000701a00000, 0x00000007c0000000)
  region size 1024K, 78 young (79872K), 4 survivors (4096K)
 Metaspace       used 20825K, capacity 21274K, committed 21760K, reserved 1069056K
  class space    used 2192K, capacity 2435K, committed 2560K, reserved 1048576K
}
Event: 8.462 GC heap after
{Heap after GC invocations=15 (full 0):
 garbage-first heap   total 196608K, used 86333K [0x0000000701a00000, 0x00000007c0000000)
  region size 1024K, 4 young (4096K), 4 survivors (4096K)
 Metaspace       used 20825K, capacity 21274K, committed 21760K, reserved 1069056K
  class space    used 2192K, capacity 2435K, committed 2560K, reserved 1048576K
}

Deoptimization events (10 events):
Event: 7.939 Thread 0x000001bdb407b000 Uncommon trap: reason=unstable_if action=reinterpret pc=0x000001bd9ca9c624 method=java.util.concurrent.ForkJoinPool.runWorker(Ljava/util/concurrent/ForkJoinPool$WorkQueue;)V @ 515 c2
Event: 7.982 Thread 0x000001bdb6e2d000 Uncommon trap: reason=unstable_if action=reinterpret pc=0x000001bd9cad5608 method=java.util.concurrent.ForkJoinPool.runWorker(Ljava/util/concurrent/ForkJoinPool$WorkQueue;)V @ 515 c2
Event: 8.945 Thread 0x000001bdaed50800 Uncommon trap: reason=unstable_if action=reinterpret pc=0x000001bd9cb05a48 method=java.util.concurrent.locks.AbstractQueuedSynchronizer$ConditionObject.checkInterruptWhileWaiting(Ljava/util/concurrent/locks/AbstractQueuedSynchronizer$Node;)I @ 3 c2
Event: 8.945 Thread 0x000001bdaed50000 Uncommon trap: reason=unstable_if action=reinterpret pc=0x000001bd9cb05a48 method=java.util.concurrent.locks.AbstractQueuedSynchronizer$ConditionObject.checkInterruptWhileWaiting(Ljava/util/concurrent/locks/AbstractQueuedSynchronizer$Node;)I @ 3 c2
Event: 8.945 Thread 0x000001bdaed52000 Uncommon trap: reason=unstable_if action=reinterpret pc=0x000001bd9cb05a48 method=java.util.concurrent.locks.AbstractQueuedSynchronizer$ConditionObject.checkInterruptWhileWaiting(Ljava/util/concurrent/locks/AbstractQueuedSynchronizer$Node;)I @ 3 c2
Event: 8.945 Thread 0x000001bdaed56000 Uncommon trap: reason=unstable_if action=reinterpret pc=0x000001bd9cb05a48 method=java.util.concurrent.locks.AbstractQueuedSynchronizer$ConditionObject.checkInterruptWhileWaiting(Ljava/util/concurrent/locks/AbstractQueuedSynchronizer$Node;)I @ 3 c2
Event: 8.945 Thread 0x000001bdaed50800 Uncommon trap: reason=unstable_if action=reinterpret pc=0x000001bd9ca98928 method=java.util.concurrent.locks.AbstractQueuedSynchronizer.enq(Ljava/util/concurrent/locks/AbstractQueuedSynchronizer$Node;)Ljava/util/concurrent/locks/AbstractQueuedSynchronizer
Event: 8.946 Thread 0x000001bdaed56000 Uncommon trap: reason=unstable_if action=reinterpret pc=0x000001bd9cb070a8 method=java.util.concurrent.locks.AbstractQueuedSynchronizer.acquire(I)V @ 20 c2
Event: 8.947 Thread 0x000001bdb733e000 Uncommon trap: reason=class_check action=maybe_recompile pc=0x000001bd9cac7eb0 method=java.util.ArrayList.<init>(Ljava/util/Collection;)V @ 6 c2
Event: 9.048 Thread 0x000001bdaf266000 Uncommon trap: reason=class_check action=maybe_recompile pc=0x000001bd9cac7eb0 method=java.util.ArrayList.<init>(Ljava/util/Collection;)V @ 6 c2

Classes redefined (0 events):
No events

Internal exceptions (10 events):
Event: 2.061 Thread 0x000001bdaf266000 Exception <a 'java/lang/NoSuchMethodError'{0x000000070d0556d8}: method resolution failed> (0x000000070d0556d8) thrown at [t:/workspace/open/src/hotspot/share/prims/methodHandles.cpp, line 1226]
Event: 2.123 Thread 0x000001bdaf266000 Exception <a 'java/lang/NoSuchMethodError'{0x000000070ccf2748}: java.lang.invoke.DirectMethodHandle$Holder.invokeStatic(Ljava/lang/Object;Ljava/lang/Object;Ljava/lang/Object;Ljava/lang/Object;Ljava/lang/Object;Ljava/lang/Object;Ljava/lang/Object;Ljava/lan
Event: 2.922 Thread 0x000001bdaf266000 Exception <a 'java/lang/NoSuchMethodError'{0x000000070b29df50}: java.lang.invoke.DirectMethodHandle$Holder.invokeStatic(Ljava/lang/Object;IIII)Ljava/lang/Object;> (0x000000070b29df50) thrown at [t:/workspace/open/src/hotspot/share/interpreter/linkResolver
Event: 2.922 Thread 0x000001bdaf266000 Exception <a 'java/lang/NoSuchMethodError'{0x000000070b2a13b0}: java.lang.invoke.DirectMethodHandle$Holder.invokeStaticInit(Ljava/lang/Object;IIII)Ljava/lang/Object;> (0x000000070b2a13b0) thrown at [t:/workspace/open/src/hotspot/share/interpreter/linkReso
Event: 3.091 Thread 0x000001bdaf266000 Exception <a 'java/lang/NoSuchMethodError'{0x000000070b126650}: java.lang.invoke.DirectMethodHandle$Holder.invokeStatic(Ljava/lang/Object;Ljava/lang/Object;IIII)Ljava/lang/Object;> (0x000000070b126650) thrown at [t:/workspace/open/src/hotspot/share/interp
Event: 3.091 Thread 0x000001bdaf266000 Exception <a 'java/lang/NoSuchMethodError'{0x000000070b129d18}: java.lang.invoke.DirectMethodHandle$Holder.invokeStaticInit(Ljava/lang/Object;Ljava/lang/Object;IIII)Ljava/lang/Object;> (0x000000070b129d18) thrown at [t:/workspace/open/src/hotspot/share/in
Event: 3.405 Thread 0x000001bdaf266000 Exception <a 'java/lang/NoSuchMethodError'{0x000000070af38748}: java.lang.Object.of([Ljava/lang/Object;)Ljava/util/stream/Stream;> (0x000000070af38748) thrown at [t:/workspace/open/src/hotspot/share/interpreter/linkResolver.cpp, line 741]
Event: 3.834 Thread 0x000001bdaf266000 Exception <a 'java/lang/NoSuchMethodError'{0x000000070ab0aca8}: java.lang.Object.lambda$union$2(Ljava/util/regex/Pattern$CharPredicate;I)Z> (0x000000070ab0aca8) thrown at [t:/workspace/open/src/hotspot/share/interpreter/linkResolver.cpp, line 741]
Event: 3.850 Thread 0x000001bdaf266000 Exception <a 'java/lang/ClassNotFoundException'{0x000000070ab73be8}: sun/util/logging/resources/spi/loggingProvider> (0x000000070ab73be8) thrown at [t:/workspace/open/src/hotspot/share/classfile/systemDictionary.cpp, line 233]
Event: 5.975 Thread 0x000001bdaed57000 Implicit null exception at 0x000001bd9caa7590 to 0x000001bd9caa77e9

Events (10 events):
Event: 8.948 Thread 0x000001bdb733e000 Thread exited: 0x000001bdb733e000
Event: 8.978 Executing VM operation: RevokeBias
Event: 8.978 Executing VM operation: RevokeBias done
Event: 8.978 Thread 0x000001bdaed16800 Thread exited: 0x000001bdaed16800
Event: 9.048 Thread 0x000001bdb7338800 Thread exited: 0x000001bdb7338800
Event: 9.048 Thread 0x000001bdaf266000 Uncommon trap: trap_request=0xffffffde fr.pc=0x000001bd9cac7eb0 relative=0x00000000000003f0
Event: 9.048 Thread 0x000001bdaf266000 DEOPT PACKING pc=0x000001bd9cac7eb0 sp=0x00000029e1efb740
Event: 9.048 Thread 0x000001bdaf266000 DEOPT UNPACKING pc=0x000001bd94ee8aaf sp=0x00000029e1efb718 mode 2
Event: 9.049 Thread 0x000001bdae569000 Thread exited: 0x000001bdae569000
Event: 9.049 Executing VM operation: Exit


Dynamic libraries:
0x00007ff785b00000 - 0x00007ff785b3e000 	C:\Program Files\Java\jdk-10.0.1\bin\javaw.exe
0x00007ff949b50000 - 0x00007ff949d31000 	C:\WINDOWS\SYSTEM32\ntdll.dll
0x00007ff949210000 - 0x00007ff9492c2000 	C:\WINDOWS\System32\KERNEL32.DLL
0x00007ff9462b0000 - 0x00007ff946523000 	C:\WINDOWS\System32\KERNELBASE.dll
0x00007ff949730000 - 0x00007ff9497d1000 	C:\WINDOWS\System32\ADVAPI32.dll
0x00007ff9489c0000 - 0x00007ff948a5e000 	C:\WINDOWS\System32\msvcrt.dll
0x00007ff9499b0000 - 0x00007ff949a0b000 	C:\WINDOWS\System32\sechost.dll
0x00007ff947000000 - 0x00007ff947124000 	C:\WINDOWS\System32\RPCRT4.dll
0x00007ff948a90000 - 0x00007ff948c20000 	C:\WINDOWS\System32\USER32.dll
0x00007ff946fc0000 - 0x00007ff946fe0000 	C:\WINDOWS\System32\win32u.dll
0x00007ff948a60000 - 0x00007ff948a88000 	C:\WINDOWS\System32\GDI32.dll
0x00007ff946110000 - 0x00007ff9462a2000 	C:\WINDOWS\System32\gdi32full.dll
0x00007ff946e20000 - 0x00007ff946ebf000 	C:\WINDOWS\System32\msvcp_win.dll
0x00007ff946610000 - 0x00007ff94670a000 	C:\WINDOWS\System32\ucrtbase.dll
0x00007ff93d2e0000 - 0x00007ff93d549000 	C:\WINDOWS\WinSxS\amd64_microsoft.windows.common-controls_6595b64144ccf1df_6.0.17134.285_none_fb4297e330656775\COMCTL32.dll
0x00007ff949400000 - 0x00007ff949723000 	C:\WINDOWS\System32\combase.dll
0x00007ff946530000 - 0x00007ff9465aa000 	C:\WINDOWS\System32\bcryptPrimitives.dll
0x00007ff93d5f0000 - 0x00007ff93d5fa000 	C:\WINDOWS\SYSTEM32\VERSION.dll
0x00007ff9498d0000 - 0x00007ff9498fd000 	C:\WINDOWS\System32\IMM32.DLL
0x00007ff912f40000 - 0x00007ff91302f000 	C:\Program Files\Java\jdk-10.0.1\bin\msvcr120.dll
0x00007ff9132d0000 - 0x00007ff913376000 	C:\Program Files\Java\jdk-10.0.1\bin\msvcp120.dll
0x00000000733a0000 - 0x0000000073e10000 	C:\Program Files\Java\jdk-10.0.1\bin\server\jvm.dll
0x00007ff9471a0000 - 0x00007ff9471a8000 	C:\WINDOWS\System32\PSAPI.DLL
0x00007ff938810000 - 0x00007ff938819000 	C:\WINDOWS\SYSTEM32\WSOCK32.dll
0x00007ff948950000 - 0x00007ff9489bc000 	C:\WINDOWS\System32\WS2_32.dll
0x00007ff936a70000 - 0x00007ff936a93000 	C:\WINDOWS\SYSTEM32\WINMM.dll
0x00007ff937d70000 - 0x00007ff937d9a000 	C:\WINDOWS\SYSTEM32\WINMMBASE.dll
0x00007ff946ec0000 - 0x00007ff946f09000 	C:\WINDOWS\System32\cfgmgr32.dll
0x00007ff940380000 - 0x00007ff94038f000 	C:\Program Files\Java\jdk-10.0.1\bin\verify.dll
0x00007ff944af0000 - 0x00007ff944cb9000 	C:\WINDOWS\SYSTEM32\DBGHELP.DLL
0x00007ff93d6d0000 - 0x00007ff93d6f9000 	C:\WINDOWS\SYSTEM32\dbgcore.DLL
0x00007ff927d00000 - 0x00007ff927d27000 	C:\Program Files\Java\jdk-10.0.1\bin\java.dll
0x00007ff9279c0000 - 0x00007ff9279d6000 	C:\Program Files\Java\jdk-10.0.1\bin\zip.dll
0x00007ff931680000 - 0x00007ff93168a000 	C:\Program Files\Java\jdk-10.0.1\bin\jimage.dll
0x00007ff947510000 - 0x00007ff948950000 	C:\WINDOWS\System32\SHELL32.dll
0x00007ff949900000 - 0x00007ff9499a9000 	C:\WINDOWS\System32\shcore.dll
0x00007ff946710000 - 0x00007ff946e1d000 	C:\WINDOWS\System32\windows.storage.dll
0x00007ff947140000 - 0x00007ff947191000 	C:\WINDOWS\System32\shlwapi.dll
0x00007ff945e60000 - 0x00007ff945e71000 	C:\WINDOWS\System32\kernel.appcore.dll
0x00007ff945ea0000 - 0x00007ff945ebf000 	C:\WINDOWS\System32\profapi.dll
0x00007ff945ed0000 - 0x00007ff945f1c000 	C:\WINDOWS\System32\powrprof.dll
0x00007ff945ec0000 - 0x00007ff945eca000 	C:\WINDOWS\System32\FLTLIB.DLL
0x00007ff927560000 - 0x00007ff92757a000 	C:\Program Files\Java\jdk-10.0.1\bin\net.dll
0x00007ff941a30000 - 0x00007ff941b0c000 	C:\WINDOWS\SYSTEM32\WINHTTP.dll
0x00007ff945680000 - 0x00007ff9456e6000 	C:\WINDOWS\system32\mswsock.dll
0x00007ff927360000 - 0x00007ff927371000 	C:\Program Files\Java\jdk-10.0.1\bin\nio.dll
0x00007ff90fb30000 - 0x00007ff90fccb000 	C:\Program Files\Java\jdk-10.0.1\bin\awt.dll
0x00007ff949330000 - 0x00007ff9493f2000 	C:\WINDOWS\System32\OLEAUT32.dll
0x00007ff93e800000 - 0x00007ff93edc7000 	C:\WINDOWS\SYSTEM32\d2d1.dll
0x00007ff9403a0000 - 0x00007ff94042b000 	C:\WINDOWS\SYSTEM32\apphelp.dll
0x00007ff944140000 - 0x00007ff9441d8000 	C:\WINDOWS\system32\uxtheme.dll
0x00007ff947390000 - 0x00007ff947505000 	C:\WINDOWS\System32\MSCTF.dll
0x00007ff944530000 - 0x00007ff944559000 	C:\WINDOWS\system32\dwmapi.dll
0x00007ff947230000 - 0x00007ff947381000 	C:\WINDOWS\System32\ole32.dll
0x00007ff92a170000 - 0x00007ff92a290000 	C:\WINDOWS\system32\opengl32.dll
0x00007ff935830000 - 0x00007ff93585c000 	C:\WINDOWS\SYSTEM32\GLU32.dll
0x00007ff919e50000 - 0x00007ff919eb5000 	C:\Program Files\Java\jdk-10.0.1\bin\fontmanager.dll
0x00007ff93bdf0000 - 0x00007ff93be87000 	C:\WINDOWS\System32\TextInputFramework.dll
0x00007ff9304f0000 - 0x00007ff93080e000 	C:\WINDOWS\System32\CoreUIComponents.dll
0x00007ff93f510000 - 0x00007ff93f5ea000 	C:\WINDOWS\System32\CoreMessaging.dll
0x00007ff945000000 - 0x00007ff945031000 	C:\WINDOWS\SYSTEM32\ntmarta.dll
0x00007ff942f50000 - 0x00007ff94309d000 	C:\WINDOWS\SYSTEM32\wintypes.dll
0x00007ff927310000 - 0x00007ff92733b000 	C:\Program Files\Java\jdk-10.0.1\bin\javajpeg.dll
0x00007ff919b60000 - 0x00007ff919ba2000 	C:\Program Files\Java\jdk-10.0.1\bin\t2k.dll
0x00007ff945840000 - 0x00007ff945857000 	C:\WINDOWS\SYSTEM32\CRYPTSP.dll
0x00007ff945260000 - 0x00007ff945293000 	C:\WINDOWS\system32\rsaenh.dll
0x00007ff945960000 - 0x00007ff945985000 	C:\WINDOWS\SYSTEM32\bcrypt.dll
0x00007ff945d90000 - 0x00007ff945db8000 	C:\WINDOWS\SYSTEM32\USERENV.dll
0x00007ff945830000 - 0x00007ff94583b000 	C:\WINDOWS\SYSTEM32\CRYPTBASE.dll
0x00007ff945400000 - 0x00007ff945438000 	C:\WINDOWS\SYSTEM32\IPHLPAPI.DLL
0x00007ff949b10000 - 0x00007ff949b18000 	C:\WINDOWS\System32\NSI.dll
0x00007ff93e750000 - 0x00007ff93e766000 	C:\WINDOWS\SYSTEM32\dhcpcsvc6.DLL
0x00007ff93e3d0000 - 0x00007ff93e3ea000 	C:\WINDOWS\SYSTEM32\dhcpcsvc.DLL
0x00007ff925530000 - 0x00007ff925556000 	C:\Users\Joe Junior\AppData\Local\Temp\libaparapi_x86_646678648941490248965.dll
0x00007ff911140000 - 0x00007ff911214000 	C:\WINDOWS\SYSTEM32\MSVCR110.dll
0x00007ff920e30000 - 0x00007ff920e52000 	C:\WINDOWS\SYSTEM32\OpenCL.dll
0x00007ff90ec60000 - 0x00007ff90ed07000 	C:\WINDOWS\SYSTEM32\MSVCP110.dll
0x00007ff915d90000 - 0x00007ff915e14000 	C:\WINDOWS\System32\DriverStore\FileRepository\ki124164.inf_amd64_85b60d2b8c3af983\IntelOpenCL64.dll
0x00007ff90a370000 - 0x00007ff90a540000 	C:\Program Files (x86)\Common Files\Intel\OpenCL\bin\x64\intelocl64.dll
0x00007ff90d9b0000 - 0x00007ff90da5b000 	C:\Program Files (x86)\Common Files\Intel\OpenCL\bin\x64\task_executor64.dll
0x00007ff90bda0000 - 0x00007ff90be89000 	C:\Program Files (x86)\Common Files\Intel\OpenCL\bin\x64\cpu_device64.dll
0x00007ff8f4480000 - 0x00007ff8f48ba000 	C:\WINDOWS\System32\DriverStore\FileRepository\ki124164.inf_amd64_85b60d2b8c3af983\igdrcl64.dll
0x00007ff944900000 - 0x00007ff9449bb000 	C:\WINDOWS\SYSTEM32\dxgi.dll
0x00007ff920c30000 - 0x00007ff920c53000 	C:\WINDOWS\system32\igfxdbgxchg64.dll
0x00007ff90b4f0000 - 0x00007ff90b58c000 	C:\Program Files\Java\jdk-10.0.1\bin\MSVCP140.dll
0x00007ff91b380000 - 0x00007ff91b3b1000 	C:\WINDOWS\SYSTEM32\igfxdbginfo.dll
0x00007ff927190000 - 0x00007ff9271a6000 	C:\Program Files\Java\jdk-10.0.1\bin\VCRUNTIME140.dll
0x00007ff91a080000 - 0x00007ff91a0b2000 	C:\WINDOWS\SYSTEM32\elfdwarf.dll
0x00007ff8f2430000 - 0x00007ff8f2af2000 	C:\WINDOWS\System32\DriverStore\FileRepository\ki124164.inf_amd64_85b60d2b8c3af983\igdmcl64.dll
0x00007ff92d5d0000 - 0x00007ff92ebd2000 	C:\WINDOWS\System32\DriverStore\FileRepository\ki124164.inf_amd64_85b60d2b8c3af983\igc64.dll
0x00007ff90ac80000 - 0x00007ff90ad32000 	C:\WINDOWS\System32\DriverStore\FileRepository\ki124164.inf_amd64_85b60d2b8c3af983\igdfcl64.dll
0x00007ff905440000 - 0x00007ff9055fe000 	C:\WINDOWS\SYSTEM32\IntelOpenCLProfiler.dll
0x00007ff919830000 - 0x00007ff9198a7000 	C:\WINDOWS\SYSTEM32\intelopencl64_2_1.dll
0x00007ff903f90000 - 0x00007ff904169000 	C:\Program Files (x86)\Common Files\Intel\OpenCL2.1\bin\x64\intelocl64.dll
0x00007ff90a7a0000 - 0x00007ff90a84b000 	C:\Program Files (x86)\Common Files\Intel\OpenCL2.1\bin\x64\task_executor64_2_1.dll
0x00007ff908980000 - 0x00007ff908a67000 	C:\Program Files (x86)\Common Files\Intel\OpenCL2.1\bin\x64\cpu_device64_2_1.dll
0x00007ff8d5680000 - 0x00007ff8d814a000 	C:\WINDOWS\System32\DriverStore\FileRepository\ki124164.inf_amd64_85b60d2b8c3af983\common_clang64.dll
0x00007ff908870000 - 0x00007ff908915000 	C:\Program Files (x86)\Common Files\Intel\OpenCL\bin\x64\tbb\tbb.dll
0x00007ff907040000 - 0x00007ff9070da000 	C:\Program Files (x86)\Common Files\Intel\OpenCL\bin\x64\tbb\tbbmalloc.dll
0x00007ff8eea90000 - 0x00007ff8efa5c000 	C:\Program Files (x86)\Common Files\Intel\OpenCL\bin\x64\OclCpuBackEnd64.dll
0x00007ff8f1d90000 - 0x00007ff8f2423000 	C:\Program Files (x86)\Common Files\Intel\OpenCL\bin\x64\__ocl_svml_l9.dll
0x00007ff8f58d0000 - 0x00007ff8f5bab000 	C:\Program Files (x86)\Common Files\Intel\OpenCL\bin\x64\clang_compiler64.dll

dbghelp: loaded successfully - version: 4.0.5 - missing functions: none
symbol engine: initialized successfully - sym options: 0x614 - pdb path: .;C:\Program Files\Java\jdk-10.0.1\bin;C:\WINDOWS\SYSTEM32;C:\WINDOWS\WinSxS\amd64_microsoft.windows.common-controls_6595b64144ccf1df_6.0.17134.285_none_fb4297e330656775;C:\Program Files\Java\jdk-10.0.1\bin\server;C:\Users\Joe Junior\AppData\Local\Temp;C:\WINDOWS\System32\DriverStore\FileRepository\ki124164.inf_amd64_85b60d2b8c3af983;C:\Program Files (x86)\Common Files\Intel\OpenCL\bin\x64;C:\Program Files (x86)\Common Files\Intel\OpenCL2.1\bin\x64;C:\Program Files (x86)\Common Files\Intel\OpenCL\bin\x64\tbb

VM Arguments:
jvm_args: -Dfile.encoding=Cp1252 
java_command: main.Main
java_class_path (initial): C:\Users\Joe Junior\git\apcs-game-2018\bin;C:\Users\Joe Junior\git\apcs-game-2018\lib\jogg-0.0.7.jar;C:\Users\Joe Junior\git\apcs-game-2018\lib\jorbis-0.0.15.jar;C:\Users\Joe Junior\git\apcs-game-2018\lib\tritonus_share.jar;C:\Users\Joe Junior\git\apcs-game-2018\lib\vorbisspi1.0.3.jar;C:\Users\Joe Junior\git\apcs-game-2018\lib\aparapi-1.4.1.jar;C:\Users\Joe Junior\git\apcs-game-2018\lib\aparapi-jni-1.1.2.jar
Launcher Type: SUN_STANDARD

Logging:
Log output configuration:
#0: stdout all=warning uptime,level,tags
#1: stderr all=off uptime,level,tags

Environment Variables:
JAVA_HOME=C:\Program Files\Java\jdk-10.0.1
PATH=C:/Program Files/Java/jre1.8.0_151/bin/server;C:/Program Files/Java/jre1.8.0_151/bin;C:/Program Files/Java/jre1.8.0_151/lib/amd64;C:\WINDOWS;C:\WINDOWS;C:\WINDOWS;C:\WINDOWS;C:\WINDOWS;C:\WINDOWS;C:\WINDOWS;C:\WINDOWS;C:\WINDOWS;C:\WINDOWS;C:\WINDOWS;C:\WINDOWS;C:\WINDOWS;C:\WINDOWS;C:\WINDOWS;C:\WINDOWS;C:\WINDOWS;C:\Program Files (x86)\Common Files\Oracle\Java\javapath;C:\Intel\OpenCL\sdk\bin\x64;C:\Intel\OpenCL\sdk\bin\x86;C:\Intel\OpenCL\sdk\bin\Pin;C:\Intel\OpenCL\sdk\bin\GTPin;C:\Program Files\Haskell\bin;C:\Program Files\Haskell Platform\8.2.2\lib\extralibs\bin;C:\Program Files\Haskell Platform\8.2.2\bin;C:\Program Files (x86)\Intel\iCLS Client\;C:\Program Files (x86)\Git\bin;C:\Program Files (x86)\Git\libexec\git-core;C:\ProgramData\Oracle\Java\javapath;C:\Program Files\Intel\iCLS Client\;C:\Windows\System32;C:\Windows;C:\Windows\System32\wbem;C:\Windows\System32\WindowsPowerShell\v1.0\;C:\Users\defaultuser0\Documents\Ndless-master\ndless-sdk\toolchain\install\bin;C:\Users\defaultuser0\Documents\Ndless-master\ndless-sdk\toolchain\bin;C:\Users\defaultuser0\Documents\Ndless-master\ndless-sdk\bin;\cygdrive\c\Users\defaultuser0\Documents\Ndless-master\ndless-sdk\toolchain\install\bin;\cygdrive\c\Users\defaultuser0\Documents\Ndless-master\ndless-sdk\bin;C:\Program Files\Java\jdk-9.0.1\bin;C:\Program Files\NASM;C:\masm32\bin;C:\WINDOWS\system32;C:\WINDOWS;C:\WINDOWS\System32\Wbem;C:\WINDOWS\System32\WindowsPowerShell\v1.0\;C:\WINDOWS\System32\OpenSSH\;C:\Program Files\CMake\bin;C:\MinGW\bin;C:\netcat_for_windows;C:\Users\Joe Junior\AppData\Roaming\cabal\bin;C:\Users\Joe Junior\AppData\Roaming\local\bin;C:\Users\Joe Junior\AppData\Local\Microsoft\WindowsApps;C:\Program Files\Java\jdk-9.0.1\bin;;C:\Users\Joe Junior\Desktop;
USERNAME=Boii
OS=Windows_NT
PROCESSOR_IDENTIFIER=Intel64 Family 6 Model 78 Stepping 3, GenuineIntel



---------------  S Y S T E M  ---------------

OS: Windows 10 , 64 bit Build 17134 (10.0.17134.1)

CPU:total 4 (initial active 4) (2 cores per cpu, 2 threads per core) family 6 model 78 stepping 3, cmov, cx8, fxsr, mmx, sse, sse2, sse3, ssse3, sse4.1, sse4.2, popcnt, avx, avx2, aes, clmul, erms, 3dnowpref, lzcnt, ht, tsc, tscinvbit, bmi1, bmi2, adx, fma

Memory: 4k page, physical 12470176k(4328556k free), swap 24380188k(11124528k free)

vm_info: Java HotSpot(TM) 64-Bit Server VM (10.0.1+10) for windows-amd64 JRE (10.0.1+10), built on Mar 27 2018 02:27:48 by "mach5one" with MS VC++ 12.0 (VS2013)

END.
