#
# A fatal error has been detected by the Java Runtime Environment:
#
#  EXCEPTION_ACCESS_VIOLATION (0xc0000005) at pc=0x00007ff949b62510, pid=20312, tid=33172
#
# JRE version: Java(TM) SE Runtime Environment (10.0.1+10) (build 10.0.1+10)
# Java VM: Java HotSpot(TM) 64-Bit Server VM (10.0.1+10, mixed mode, tiered, compressed oops, g1 gc, windows-amd64)
# Problematic frame:
# C  [ntdll.dll+0x12510]
#
# No core dump will be written. Minidumps are not enabled by default on client versions of Windows
#
# If you would like to submit a bug report, please visit:
#   http://bugreport.java.com/bugreport/crash.jsp
#

---------------  S U M M A R Y ------------

Command Line: -Djava.library.path=C:\Users\Joe Junior\git\apcs-game-2018\dlls\JOCL -Dfile.encoding=Cp1252 main.Main

Host: Intel(R) Core(TM) i7-6500U CPU @ 2.50GHz, 4 cores, 11G,  Windows 10 , 64 bit Build 17134 (10.0.17134.1)
Time: Mon Oct 08 14:29:50 2018 Eastern Daylight Time elapsed time: 9 seconds (0d 0h 0m 9s)

---------------  T H R E A D  ---------------

Current thread (0x000002652919b800):  VMThread "VM Thread" [stack: 0x0000007831900000,0x0000007831a00000] [id=33172]

Stack: [0x0000007831900000,0x0000007831a00000],  sp=0x00000078319fe9a0,  free space=1018k
Native frames: (J=compiled Java code, j=interpreted, Vv=VM code, C=native code)
C  [ntdll.dll+0x12510]
C  [tbb.dll+0x50910]


siginfo: EXCEPTION_ACCESS_VIOLATION (0xc0000005), reading address 0x0000000000000010


Register to memory mapping:

RIP=0x00007ff949b62510 ntdll.dll
RAX=0x0000000000000000 is an unknown value
RBX=0x0000000000000000 is an unknown value
RCX=0x0000000000000013 is an unknown value
RDX=0x0000000000000000 is an unknown value
RSP=0x00000078319fe9a0 is an unknown value
RBP=0x0000000000000004 is an unknown value
RSI=0x0000000000000000 is an unknown value
RDI=0x0000000000000208 is an unknown value
R8 =0x0000000000000000 is an unknown value
R9 =0x0000000000000000 is an unknown value
R10=0x00000078319fe880 is an unknown value
R11=0x0000026530d4b580 is an unknown value
R12=0x00007ff90da5a4d0 tbb.dll
R13=0x0000000000000000 is an unknown value
R14=0x0000026530d4b818 is an unknown value
R15=0xffffffffffffffff is an unknown value


Registers:
RAX=0x0000000000000000, RBX=0x0000000000000000, RCX=0x0000000000000013, RDX=0x0000000000000000
RSP=0x00000078319fe9a0, RBP=0x0000000000000004, RSI=0x0000000000000000, RDI=0x0000000000000208
R8 =0x0000000000000000, R9 =0x0000000000000000, R10=0x00000078319fe880, R11=0x0000026530d4b580
R12=0x00007ff90da5a4d0, R13=0x0000000000000000, R14=0x0000026530d4b818, R15=0xffffffffffffffff
RIP=0x00007ff949b62510, EFLAGS=0x0000000000010202

Top of Stack: (sp=0x00000078319fe9a0)
0x00000078319fe9a0:   0000026530d48000 0000026530d6b900
0x00000078319fe9b0:   00000fe100000000 00000fdf00000000
0x00000078319fe9c0:   0000000000000000 0000000000000000
0x00000078319fe9d0:   0000026530d4b830 00007ff90da90910
0x00000078319fe9e0:   0000000000000208 0000000000000003
0x00000078319fe9f0:   00007ff90da0edc0 0000000000000008
0x00000078319fea00:   0000000000000208 00007ff90da66b59
0x00000078319fea10:   0000000000000800 0000026530d6b900
0x00000078319fea20:   0000026530d6bb68 00007ff90d9b09f8
0x00000078319fea30:   0000000000000004 00007ff90da5b615
0x00000078319fea40:   0000026530d48000 00000fdf00000000
0x00000078319fea50:   404e000000000000 0000000000000000
0x00000078319fea60:   0000000000000001 0000000000000000
0x00000078319fea70:   fffffffffffffffe 0000026530d63e80
0x00000078319fea80:   0000000000000002 0000026530d4b818
0x00000078319fea90:   0000000000000000 0000026530d4b580 

Instructions: (pc=0x00007ff949b62510)
0x00007ff949b624f0:   48 89 5c 24 08 48 89 74 24 10 57 48 83 ec 30 49
0x00007ff949b62500:   8b f8 8b f2 48 8b d9 48 85 c9 0f 84 9c 5c 09 00
0x00007ff949b62510:   81 7b 10 ee dd ee dd 44 8b c6 48 8b d7 48 8b cb
0x00007ff949b62520:   74 20 f6 05 d7 aa 14 00 02 75 2b 45 33 c9 48 8b 


VM_Operation (0x00000078328fb6b0): Exit, mode: safepoint, requested by thread 0x0000026529401000


---------------  P R O C E S S  ---------------

Threads class SMR info:
_java_thread_list=0x000002652b3add50, length=47, elements={
0x00000265291a0000, 0x00000265291a9000, 0x00000265291ff800, 0x0000026529200000,
0x0000026529204000, 0x0000026529212000, 0x000002652921b000, 0x000002652924c000,
0x00000265293ff000, 0x00000265293fd800, 0x00000265293fe800, 0x0000026529401800,
0x0000026529401000, 0x00000265293fd000, 0x00000265293fa800, 0x00000265293fb800,
0x00000265293fc000, 0x0000026529c7a000, 0x0000026529c79000, 0x0000026529c7d000,
0x0000026529c77000, 0x0000026529c78800, 0x0000026529c76000, 0x0000026529c77800,
0x0000026529c84000, 0x0000026529c81000, 0x0000026529c82800, 0x0000026529c82000,
0x0000026529c7e000, 0x0000026529c80800, 0x0000026529c83800, 0x0000026529c7e800,
0x0000026529c7f800, 0x000002652f014800, 0x000002652f011000, 0x000002652f010800,
0x000002652f012000, 0x000002652f00f800, 0x000002652f013000, 0x000002652f013800,
0x000002652f015000, 0x000002652f016000, 0x000002652f00f000, 0x000002652f01b800,
0x000002652f019000, 0x000002652f01a800, 0x000002652f01c000
}

Java Threads: ( => current thread )
  0x00000265291a0000 JavaThread "Reference Handler" daemon [_thread_blocked, id=36500, stack(0x0000007831a00000,0x0000007831b00000)]
  0x00000265291a9000 JavaThread "Finalizer" daemon [_thread_blocked, id=40644, stack(0x0000007831b00000,0x0000007831c00000)]
  0x00000265291ff800 JavaThread "Signal Dispatcher" daemon [_thread_blocked, id=22732, stack(0x0000007831c00000,0x0000007831d00000)]
  0x0000026529200000 JavaThread "Attach Listener" daemon [_thread_blocked, id=34068, stack(0x0000007831d00000,0x0000007831e00000)]
  0x0000026529204000 JavaThread "C2 CompilerThread0" daemon [_thread_blocked, id=19596, stack(0x0000007831e00000,0x0000007831f00000)]
  0x0000026529212000 JavaThread "C2 CompilerThread1" daemon [_thread_blocked, id=14788, stack(0x0000007831f00000,0x0000007832000000)]
  0x000002652921b000 JavaThread "C1 CompilerThread2" daemon [_thread_blocked, id=19196, stack(0x0000007832000000,0x0000007832100000)]
  0x000002652924c000 JavaThread "Sweeper thread" daemon [_thread_blocked, id=24484, stack(0x0000007832100000,0x0000007832200000)]
  0x00000265293ff000 JavaThread "Service Thread" daemon [_thread_blocked, id=6248, stack(0x0000007832200000,0x0000007832300000)]
  0x00000265293fd800 JavaThread "Common-Cleaner" daemon [_thread_blocked, id=38176, stack(0x0000007832300000,0x0000007832400000)]
  0x00000265293fe800 JavaThread "Java2D Disposer" daemon [_thread_blocked, id=13864, stack(0x0000007832500000,0x0000007832600000)]
  0x0000026529401800 JavaThread "AWT-Shutdown" [_thread_blocked, id=30632, stack(0x0000007832600000,0x0000007832700000)]
  0x0000026529401000 JavaThread "AWT-EventQueue-0" [_thread_blocked, id=432, stack(0x0000007832800000,0x0000007832900000)]
  0x00000265293fd000 JavaThread "Coffee Bean Game Thread" [_thread_blocked, id=18080, stack(0x0000007832900000,0x0000007832a00000)]
  0x00000265293fa800 JavaThread "DestroyJavaVM" [_thread_blocked, id=13888, stack(0x0000007830d00000,0x0000007830e00000)]
  0x00000265293fb800 JavaThread "ForkJoinPool.commonPool-worker-1" daemon [_thread_blocked, id=32100, stack(0x0000007832a00000,0x0000007832b00000)]
  0x00000265293fc000 JavaThread "ForkJoinPool.commonPool-worker-2" daemon [_thread_blocked, id=28860, stack(0x0000007832b00000,0x0000007832c00000)]
  0x0000026529c7a000 JavaThread "ForkJoinPool.commonPool-worker-3" daemon [_thread_blocked, id=18388, stack(0x0000007832c00000,0x0000007832d00000)]
  0x0000026529c79000 JavaThread "ForkJoinPool-1-worker-1" daemon [_thread_blocked, id=26940, stack(0x0000007833200000,0x0000007833300000)]
  0x0000026529c7d000 JavaThread "ForkJoinPool-1-worker-2" daemon [_thread_blocked, id=32724, stack(0x0000007833300000,0x0000007833400000)]
  0x0000026529c77000 JavaThread "ForkJoinPool-1-worker-3" daemon [_thread_blocked, id=10064, stack(0x0000007833400000,0x0000007833500000)]
  0x0000026529c78800 JavaThread "ForkJoinPool-1-worker-4" daemon [_thread_blocked, id=33520, stack(0x0000007833500000,0x0000007833600000)]
  0x0000026529c76000 JavaThread "ForkJoinPool-1-worker-5" daemon [_thread_blocked, id=34336, stack(0x0000007833600000,0x0000007833700000)]
  0x0000026529c77800 JavaThread "ForkJoinPool-1-worker-6" daemon [_thread_blocked, id=31848, stack(0x0000007833700000,0x0000007833800000)]
  0x0000026529c84000 JavaThread "ForkJoinPool-1-worker-15" daemon [_thread_blocked, id=21344, stack(0x0000007833800000,0x0000007833900000)]
  0x0000026529c81000 JavaThread "ForkJoinPool-1-worker-8" daemon [_thread_blocked, id=30980, stack(0x0000007833900000,0x0000007833a00000)]
  0x0000026529c82800 JavaThread "ForkJoinPool-1-worker-1" daemon [_thread_blocked, id=33756, stack(0x0000007833a00000,0x0000007833b00000)]
  0x0000026529c82000 JavaThread "ForkJoinPool-1-worker-26" daemon [_thread_blocked, id=21564, stack(0x0000007833b00000,0x0000007833c00000)]
  0x0000026529c7e000 JavaThread "ForkJoinPool-1-worker-19" daemon [_thread_blocked, id=27540, stack(0x0000007833c00000,0x0000007833d00000)]
  0x0000026529c80800 JavaThread "ForkJoinPool-1-worker-12" daemon [_thread_blocked, id=18508, stack(0x0000007833d00000,0x0000007833e00000)]
  0x0000026529c83800 JavaThread "ForkJoinPool-1-worker-5" daemon [_thread_blocked, id=38136, stack(0x0000007833e00000,0x0000007833f00000)]
  0x0000026529c7e800 JavaThread "ForkJoinPool-1-worker-30" daemon [_thread_blocked, id=20104, stack(0x0000007833f00000,0x0000007834000000)]
  0x0000026529c7f800 JavaThread "ForkJoinPool-1-worker-23" daemon [_thread_blocked, id=11088, stack(0x0000007834000000,0x0000007834100000)]
  0x000002652f014800 JavaThread "ForkJoinPool-1-worker-16" daemon [_thread_blocked, id=4768, stack(0x0000007834100000,0x0000007834200000)]
  0x000002652f011000 JavaThread "ForkJoinPool-1-worker-9" daemon [_thread_blocked, id=34128, stack(0x0000007834200000,0x0000007834300000)]
  0x000002652f010800 JavaThread "ForkJoinPool-1-worker-2" daemon [_thread_blocked, id=31868, stack(0x0000007834300000,0x0000007834400000)]
  0x000002652f012000 JavaThread "ForkJoinPool-1-worker-59" daemon [_thread_blocked, id=19168, stack(0x0000007834400000,0x0000007834500000)]
  0x000002652f00f800 JavaThread "ForkJoinPool-1-worker-52" daemon [_thread_blocked, id=272, stack(0x0000007834500000,0x0000007834600000)]
  0x000002652f013000 JavaThread "ForkJoinPool-1-worker-45" daemon [_thread_blocked, id=25560, stack(0x0000007834600000,0x0000007834700000)]
  0x000002652f013800 JavaThread "ForkJoinPool-1-worker-38" daemon [_thread_blocked, id=34352, stack(0x0000007834700000,0x0000007834800000)]
  0x000002652f015000 JavaThread "ForkJoinPool-1-worker-31" daemon [_thread_blocked, id=40160, stack(0x0000007834800000,0x0000007834900000)]
  0x000002652f016000 JavaThread "ForkJoinPool-1-worker-24" daemon [_thread_blocked, id=27420, stack(0x0000007834900000,0x0000007834a00000)]
  0x000002652f00f000 JavaThread "ForkJoinPool-1-worker-17" daemon [_thread_blocked, id=40272, stack(0x0000007834a00000,0x0000007834b00000)]
  0x000002652f01b800 JavaThread "ForkJoinPool-1-worker-10" daemon [_thread_blocked, id=38264, stack(0x0000007834b00000,0x0000007834c00000)]
  0x000002652f019000 JavaThread "ForkJoinPool-1-worker-3" daemon [_thread_blocked, id=39384, stack(0x0000007834c00000,0x0000007834d00000)]
  0x000002652f01a800 JavaThread "ForkJoinPool-1-worker-60" daemon [_thread_blocked, id=35396, stack(0x0000007834d00000,0x0000007834e00000)]
  0x000002652f01c000 JavaThread "ForkJoinPool-1-worker-53" daemon [_thread_blocked, id=26852, stack(0x0000007834e00000,0x0000007834f00000)]

Other Threads:
=>0x000002652919b800 VMThread "VM Thread" [stack: 0x0000007831900000,0x0000007831a00000] [id=33172]
  0x0000026502f99800 GCTaskThread "GC Thread#0" [stack: 0x0000007830e00000,0x0000007830f00000] [id=36664]
  0x0000026502f9b000 GCTaskThread "GC Thread#1" [stack: 0x0000007830f00000,0x0000007831000000] [id=27812]
  0x0000026502f9e000 GCTaskThread "GC Thread#2" [stack: 0x0000007831000000,0x0000007831100000] [id=21400]
  0x0000026502fa5800 GCTaskThread "GC Thread#3" [stack: 0x0000007831100000,0x0000007831200000] [id=39808]
  0x000002650304a800 ConcurrentGCThread "G1 Main Marker" [stack: 0x0000007831200000,0x0000007831300000] [id=9320]
  0x0000026503050000 ConcurrentGCThread "G1 Conc#0" [stack: 0x0000007831300000,0x0000007831400000] [id=34028]
  0x0000026528822800 ConcurrentGCThread "G1 Refine#0" [stack: 0x0000007831400000,0x0000007831500000] [id=32592]
  0x0000026528823800 ConcurrentGCThread "G1 Refine#1" [stack: 0x0000007831500000,0x0000007831600000] [id=2728]
  0x0000026528824800 ConcurrentGCThread "G1 Refine#2" [stack: 0x0000007831600000,0x0000007831700000] [id=38156]
  0x0000026528826800 ConcurrentGCThread "G1 Refine#3" [stack: 0x0000007831700000,0x0000007831800000] [id=37608]
  0x0000026528829800 ConcurrentGCThread "G1 Young RemSet Sampling" [stack: 0x0000007831800000,0x0000007831900000] [id=30608]

Threads with active compile tasks:

VM state:at safepoint (shutting down)

VM Mutex/Monitor currently owned by a thread:  ([mutex/lock_event])
[0x0000026502f7f6c0] Threads_lock - owner thread: 0x000002652919b800

Heap address: 0x0000000701a00000, size: 3046 MB, Compressed Oops mode: Zero based, Oop shift amount: 3
Narrow klass base: 0x0000000000000000, Narrow klass shift: 3
Compressed class space size: 1073741824 Address: 0x00000007c0000000

Heap:
 garbage-first heap   total 196608K, used 101737K [0x0000000701a00000, 0x00000007c0000000)
  region size 1024K, 20 young (20480K), 1 survivors (1024K)
 Metaspace       used 20649K, capacity 21050K, committed 21376K, reserved 1069056K
  class space    used 2189K, capacity 2403K, committed 2432K, reserved 1048576K
Heap Regions: E=young(eden), S=young(survivor), O=old, HS=humongous(starts), HC=humongous(continues), CS=collection set, F=free, A=archive, TS=gc time stamp, AC=allocation context, TAMS=top-at-mark-start (previous, next)
|   0|0x0000000701a00000, 0x0000000701b00000, 0x0000000701b00000|100%|HS|  |TS  0|AC  0|TAMS 0x0000000701b00000, 0x0000000701b00000|
|   1|0x0000000701b00000, 0x0000000701c00000, 0x0000000701c00000|100%|HC|  |TS  0|AC  0|TAMS 0x0000000701c00000, 0x0000000701c00000|
|   2|0x0000000701c00000, 0x0000000701d00000, 0x0000000701d00000|100%|HC|  |TS  0|AC  0|TAMS 0x0000000701d00000, 0x0000000701d00000|
|   3|0x0000000701d00000, 0x0000000701e00000, 0x0000000701e00000|100%|HC|  |TS  0|AC  0|TAMS 0x0000000701e00000, 0x0000000701e00000|
|   4|0x0000000701e00000, 0x0000000701f00000, 0x0000000701f00000|100%|HC|  |TS  0|AC  0|TAMS 0x0000000701f00000, 0x0000000701f00000|
|   5|0x0000000701f00000, 0x0000000702000000, 0x0000000702000000|100%|HC|  |TS  0|AC  0|TAMS 0x0000000702000000, 0x0000000702000000|
|   6|0x0000000702000000, 0x0000000702100000, 0x0000000702100000|100%|HS|  |TS  0|AC  0|TAMS 0x0000000702100000, 0x0000000702100000|
|   7|0x0000000702100000, 0x0000000702200000, 0x0000000702200000|100%|HC|  |TS  0|AC  0|TAMS 0x0000000702200000, 0x0000000702200000|
|   8|0x0000000702200000, 0x0000000702300000, 0x0000000702300000|100%|HC|  |TS  0|AC  0|TAMS 0x0000000702300000, 0x0000000702300000|
|   9|0x0000000702300000, 0x0000000702400000, 0x0000000702400000|100%|HC|  |TS  0|AC  0|TAMS 0x0000000702400000, 0x0000000702400000|
|  10|0x0000000702400000, 0x0000000702500000, 0x0000000702500000|100%|HC|  |TS  0|AC  0|TAMS 0x0000000702500000, 0x0000000702500000|
|  11|0x0000000702500000, 0x0000000702600000, 0x0000000702600000|100%|HC|  |TS  0|AC  0|TAMS 0x0000000702600000, 0x0000000702600000|
|  12|0x0000000702600000, 0x0000000702700000, 0x0000000702700000|100%|HC|  |TS  0|AC  0|TAMS 0x0000000702700000, 0x0000000702700000|
|  13|0x0000000702700000, 0x0000000702800000, 0x0000000702800000|100%|HC|  |TS  0|AC  0|TAMS 0x0000000702800000, 0x0000000702800000|
|  14|0x0000000702800000, 0x0000000702900000, 0x0000000702900000|100%|HC|  |TS  0|AC  0|TAMS 0x0000000702900000, 0x0000000702900000|
|  15|0x0000000702900000, 0x0000000702a00000, 0x0000000702a00000|100%|HC|  |TS  0|AC  0|TAMS 0x0000000702a00000, 0x0000000702a00000|
|  16|0x0000000702a00000, 0x0000000702b00000, 0x0000000702b00000|100%|HC|  |TS  0|AC  0|TAMS 0x0000000702b00000, 0x0000000702b00000|
|  17|0x0000000702b00000, 0x0000000702c00000, 0x0000000702c00000|100%|HC|  |TS  0|AC  0|TAMS 0x0000000702c00000, 0x0000000702c00000|
|  18|0x0000000702c00000, 0x0000000702d00000, 0x0000000702d00000|100%|HC|  |TS  0|AC  0|TAMS 0x0000000702d00000, 0x0000000702d00000|
|  19|0x0000000702d00000, 0x0000000702e00000, 0x0000000702e00000|100%|HC|  |TS  0|AC  0|TAMS 0x0000000702e00000, 0x0000000702e00000|
|  20|0x0000000702e00000, 0x0000000702f00000, 0x0000000702f00000|100%|HC|  |TS  0|AC  0|TAMS 0x0000000702f00000, 0x0000000702f00000|
|  21|0x0000000702f00000, 0x0000000703000000, 0x0000000703000000|100%|HC|  |TS  0|AC  0|TAMS 0x0000000703000000, 0x0000000703000000|
|  22|0x0000000703000000, 0x0000000703100000, 0x0000000703100000|100%|HC|  |TS  0|AC  0|TAMS 0x0000000703100000, 0x0000000703100000|
|  23|0x0000000703100000, 0x0000000703200000, 0x0000000703200000|100%|HC|  |TS  0|AC  0|TAMS 0x0000000703200000, 0x0000000703200000|
|  24|0x0000000703200000, 0x0000000703300000, 0x0000000703300000|100%|HC|  |TS  0|AC  0|TAMS 0x0000000703300000, 0x0000000703300000|
|  25|0x0000000703300000, 0x0000000703400000, 0x0000000703400000|100%|HC|  |TS  0|AC  0|TAMS 0x0000000703400000, 0x0000000703400000|
|  26|0x0000000703400000, 0x0000000703500000, 0x0000000703500000|100%|HC|  |TS  0|AC  0|TAMS 0x0000000703500000, 0x0000000703500000|
|  27|0x0000000703500000, 0x0000000703600000, 0x0000000703600000|100%|HC|  |TS  0|AC  0|TAMS 0x0000000703600000, 0x0000000703600000|
|  28|0x0000000703600000, 0x0000000703700000, 0x0000000703700000|100%|HS|  |TS  0|AC  0|TAMS 0x0000000703700000, 0x0000000703700000|
|  29|0x0000000703700000, 0x0000000703800000, 0x0000000703800000|100%|HC|  |TS  0|AC  0|TAMS 0x0000000703800000, 0x0000000703800000|
|  30|0x0000000703800000, 0x0000000703900000, 0x0000000703900000|100%|HC|  |TS  0|AC  0|TAMS 0x0000000703900000, 0x0000000703900000|
|  31|0x0000000703900000, 0x0000000703a00000, 0x0000000703a00000|100%|HC|  |TS  0|AC  0|TAMS 0x0000000703a00000, 0x0000000703a00000|
|  32|0x0000000703a00000, 0x0000000703b00000, 0x0000000703b00000|100%|HC|  |TS  0|AC  0|TAMS 0x0000000703b00000, 0x0000000703b00000|
|  33|0x0000000703b00000, 0x0000000703c00000, 0x0000000703c00000|100%|HS|  |TS  0|AC  0|TAMS 0x0000000703c00000, 0x0000000703c00000|
|  34|0x0000000703c00000, 0x0000000703d00000, 0x0000000703d00000|100%|HC|  |TS  0|AC  0|TAMS 0x0000000703d00000, 0x0000000703d00000|
|  35|0x0000000703d00000, 0x0000000703e00000, 0x0000000703e00000|100%|HS|  |TS  0|AC  0|TAMS 0x0000000703e00000, 0x0000000703e00000|
|  36|0x0000000703e00000, 0x0000000703f00000, 0x0000000703f00000|100%|HC|  |TS  0|AC  0|TAMS 0x0000000703f00000, 0x0000000703f00000|
|  37|0x0000000703f00000, 0x0000000704000000, 0x0000000704000000|100%|HS|  |TS  0|AC  0|TAMS 0x0000000704000000, 0x0000000704000000|
|  38|0x0000000704000000, 0x0000000704100000, 0x0000000704100000|100%|HS|  |TS  0|AC  0|TAMS 0x0000000704100000, 0x0000000704100000|
|  39|0x0000000704100000, 0x0000000704200000, 0x0000000704200000|100%|HC|  |TS  0|AC  0|TAMS 0x0000000704200000, 0x0000000704200000|
|  40|0x0000000704200000, 0x0000000704300000, 0x0000000704300000|100%|HS|  |TS  0|AC  0|TAMS 0x0000000704200000, 0x0000000704200000|
|  41|0x0000000704300000, 0x0000000704400000, 0x0000000704400000|100%| O|  |TS  2|AC  0|TAMS 0x0000000704300000, 0x0000000704300000|
|  42|0x0000000704400000, 0x0000000704500000, 0x0000000704500000|100%|HS|  |TS  0|AC  0|TAMS 0x0000000704500000, 0x0000000704500000|
|  43|0x0000000704500000, 0x0000000704600000, 0x0000000704600000|100%|HC|  |TS  0|AC  0|TAMS 0x0000000704600000, 0x0000000704600000|
|  44|0x0000000704600000, 0x0000000704700000, 0x0000000704700000|100%|HS|  |TS  0|AC  0|TAMS 0x0000000704600000, 0x0000000704600000|
|  45|0x0000000704700000, 0x0000000704800000, 0x0000000704800000|100%| O|  |TS  0|AC  0|TAMS 0x0000000704800000, 0x0000000704800000|
|  46|0x0000000704800000, 0x0000000704900000, 0x0000000704900000|100%| O|  |TS  0|AC  0|TAMS 0x0000000704900000, 0x0000000704900000|
|  47|0x0000000704900000, 0x0000000704a00000, 0x0000000704a00000|100%| O|  |TS  2|AC  0|TAMS 0x0000000704900000, 0x0000000704900000|
|  48|0x0000000704a00000, 0x0000000704b00000, 0x0000000704b00000|100%| O|  |TS  2|AC  0|TAMS 0x0000000704a00000, 0x0000000704a00000|
|  49|0x0000000704b00000, 0x0000000704c00000, 0x0000000704c00000|100%| O|  |TS  2|AC  0|TAMS 0x0000000704b00000, 0x0000000704b00000|
|  50|0x0000000704c00000, 0x0000000704cfc400, 0x0000000704d00000| 98%| O|  |TS  4|AC  0|TAMS 0x0000000704c00000, 0x0000000704c00000|
|  51|0x0000000704d00000, 0x0000000704d00000, 0x0000000704e00000|  0%| F|  |TS  1|AC  0|TAMS 0x0000000704d00000, 0x0000000704d00000|
|  52|0x0000000704e00000, 0x0000000704f00000, 0x0000000704f00000|100%|HS|  |TS  0|AC  0|TAMS 0x0000000704f00000, 0x0000000704f00000|
|  53|0x0000000704f00000, 0x0000000705000000, 0x0000000705000000|100%|HC|  |TS  0|AC  0|TAMS 0x0000000705000000, 0x0000000705000000|
|  54|0x0000000705000000, 0x0000000705100000, 0x0000000705100000|100%|HC|  |TS  0|AC  0|TAMS 0x0000000705100000, 0x0000000705100000|
|  55|0x0000000705100000, 0x0000000705200000, 0x0000000705200000|100%|HC|  |TS  0|AC  0|TAMS 0x0000000705200000, 0x0000000705200000|
|  56|0x0000000705200000, 0x0000000705300000, 0x0000000705300000|100%|HC|  |TS  0|AC  0|TAMS 0x0000000705300000, 0x0000000705300000|
|  57|0x0000000705300000, 0x0000000705400000, 0x0000000705400000|100%| O|  |TS  0|AC  0|TAMS 0x0000000705400000, 0x0000000705400000|
|  58|0x0000000705400000, 0x0000000705500000, 0x0000000705500000|100%|HS|  |TS  0|AC  0|TAMS 0x0000000705500000, 0x0000000705500000|
|  59|0x0000000705500000, 0x0000000705600000, 0x0000000705600000|100%|HC|  |TS  0|AC  0|TAMS 0x0000000705600000, 0x0000000705600000|
|  60|0x0000000705600000, 0x0000000705700000, 0x0000000705700000|100%|HS|  |TS  0|AC  0|TAMS 0x0000000705700000, 0x0000000705700000|
|  61|0x0000000705700000, 0x0000000705800000, 0x0000000705800000|100%|HC|  |TS  0|AC  0|TAMS 0x0000000705800000, 0x0000000705800000|
|  62|0x0000000705800000, 0x0000000705900000, 0x0000000705900000|100%|HC|  |TS  0|AC  0|TAMS 0x0000000705900000, 0x0000000705900000|
|  63|0x0000000705900000, 0x0000000705a00000, 0x0000000705a00000|100%|HS|  |TS  0|AC  0|TAMS 0x0000000705a00000, 0x0000000705a00000|
|  64|0x0000000705a00000, 0x0000000705b00000, 0x0000000705b00000|100%|HC|  |TS  0|AC  0|TAMS 0x0000000705b00000, 0x0000000705b00000|
|  65|0x0000000705b00000, 0x0000000705c00000, 0x0000000705c00000|100%|HC|  |TS  0|AC  0|TAMS 0x0000000705c00000, 0x0000000705c00000|
|  66|0x0000000705c00000, 0x0000000705d00000, 0x0000000705d00000|100%|HS|  |TS  0|AC  0|TAMS 0x0000000705d00000, 0x0000000705d00000|
|  67|0x0000000705d00000, 0x0000000705e00000, 0x0000000705e00000|100%|HC|  |TS  0|AC  0|TAMS 0x0000000705e00000, 0x0000000705e00000|
|  68|0x0000000705e00000, 0x0000000705f00000, 0x0000000705f00000|100%|HC|  |TS  0|AC  0|TAMS 0x0000000705f00000, 0x0000000705f00000|
|  69|0x0000000705f00000, 0x0000000706000000, 0x0000000706000000|100%|HC|  |TS  0|AC  0|TAMS 0x0000000706000000, 0x0000000706000000|
|  70|0x0000000706000000, 0x0000000706100000, 0x0000000706100000|100%|HS|  |TS  0|AC  0|TAMS 0x0000000706100000, 0x0000000706100000|
|  71|0x0000000706100000, 0x0000000706200000, 0x0000000706200000|100%|HC|  |TS  0|AC  0|TAMS 0x0000000706200000, 0x0000000706200000|
|  72|0x0000000706200000, 0x0000000706200000, 0x0000000706300000|  0%| F|  |TS  0|AC  0|TAMS 0x0000000706200000, 0x0000000706200000|
|  73|0x0000000706300000, 0x0000000706300000, 0x0000000706400000|  0%| F|  |TS  0|AC  0|TAMS 0x0000000706300000, 0x0000000706300000|
|  74|0x0000000706400000, 0x0000000706500000, 0x0000000706500000|100%|HS|  |TS  0|AC  0|TAMS 0x0000000706500000, 0x0000000706500000|
|  75|0x0000000706500000, 0x0000000706600000, 0x0000000706600000|100%|HC|  |TS  0|AC  0|TAMS 0x0000000706600000, 0x0000000706600000|
|  76|0x0000000706600000, 0x0000000706700000, 0x0000000706700000|100%|HC|  |TS  0|AC  0|TAMS 0x0000000706700000, 0x0000000706700000|
|  77|0x0000000706700000, 0x0000000706800000, 0x0000000706800000|100%|HC|  |TS  0|AC  0|TAMS 0x0000000706800000, 0x0000000706800000|
|  78|0x0000000706800000, 0x0000000706900000, 0x0000000706900000|100%|HC|  |TS  0|AC  0|TAMS 0x0000000706900000, 0x0000000706900000|
|  79|0x0000000706900000, 0x0000000706a00000, 0x0000000706a00000|100%|HC|  |TS  0|AC  0|TAMS 0x0000000706a00000, 0x0000000706a00000|
|  80|0x0000000706a00000, 0x0000000706b00000, 0x0000000706b00000|100%|HS|  |TS  0|AC  0|TAMS 0x0000000706b00000, 0x0000000706b00000|
|  81|0x0000000706b00000, 0x0000000706c00000, 0x0000000706c00000|100%|HC|  |TS  0|AC  0|TAMS 0x0000000706c00000, 0x0000000706c00000|
|  82|0x0000000706c00000, 0x0000000706c00000, 0x0000000706d00000|  0%| F|  |TS  0|AC  0|TAMS 0x0000000706c00000, 0x0000000706c00000|
|  83|0x0000000706d00000, 0x0000000706d00000, 0x0000000706e00000|  0%| F|  |TS  0|AC  0|TAMS 0x0000000706d00000, 0x0000000706d00000|
|  84|0x0000000706e00000, 0x0000000706e00000, 0x0000000706f00000|  0%| F|  |TS  0|AC  0|TAMS 0x0000000706e00000, 0x0000000706e00000|
|  85|0x0000000706f00000, 0x0000000706f00000, 0x0000000707000000|  0%| F|  |TS  0|AC  0|TAMS 0x0000000706f00000, 0x0000000706f00000|
|  86|0x0000000707000000, 0x0000000707100000, 0x0000000707100000|100%|HS|  |TS  0|AC  0|TAMS 0x0000000707100000, 0x0000000707100000|
|  87|0x0000000707100000, 0x0000000707200000, 0x0000000707200000|100%|HC|  |TS  0|AC  0|TAMS 0x0000000707200000, 0x0000000707200000|
|  88|0x0000000707200000, 0x0000000707200000, 0x0000000707300000|  0%| F|  |TS  0|AC  0|TAMS 0x0000000707200000, 0x0000000707200000|
|  89|0x0000000707300000, 0x0000000707300000, 0x0000000707400000|  0%| F|  |TS  0|AC  0|TAMS 0x0000000707300000, 0x0000000707300000|
|  90|0x0000000707400000, 0x0000000707400000, 0x0000000707500000|  0%| F|  |TS  0|AC  0|TAMS 0x0000000707400000, 0x0000000707400000|
|  91|0x0000000707500000, 0x0000000707500000, 0x0000000707600000|  0%| F|  |TS  0|AC  0|TAMS 0x0000000707500000, 0x0000000707500000|
|  92|0x0000000707600000, 0x0000000707600000, 0x0000000707700000|  0%| F|  |TS  0|AC  0|TAMS 0x0000000707600000, 0x0000000707600000|
|  93|0x0000000707700000, 0x0000000707700000, 0x0000000707800000|  0%| F|  |TS  0|AC  0|TAMS 0x0000000707700000, 0x0000000707700000|
|  94|0x0000000707800000, 0x0000000707800000, 0x0000000707900000|  0%| F|  |TS  0|AC  0|TAMS 0x0000000707800000, 0x0000000707800000|
|  95|0x0000000707900000, 0x0000000707900000, 0x0000000707a00000|  0%| F|  |TS  0|AC  0|TAMS 0x0000000707900000, 0x0000000707900000|
|  96|0x0000000707a00000, 0x0000000707a00000, 0x0000000707b00000|  0%| F|  |TS  0|AC  0|TAMS 0x0000000707a00000, 0x0000000707a00000|
|  97|0x0000000707b00000, 0x0000000707b00000, 0x0000000707c00000|  0%| F|  |TS  0|AC  0|TAMS 0x0000000707b00000, 0x0000000707b00000|
|  98|0x0000000707c00000, 0x0000000707c00000, 0x0000000707d00000|  0%| F|  |TS  0|AC  0|TAMS 0x0000000707c00000, 0x0000000707c00000|
|  99|0x0000000707d00000, 0x0000000707d00000, 0x0000000707e00000|  0%| F|  |TS  0|AC  0|TAMS 0x0000000707d00000, 0x0000000707d00000|
| 100|0x0000000707e00000, 0x0000000707e00000, 0x0000000707f00000|  0%| F|  |TS  0|AC  0|TAMS 0x0000000707e00000, 0x0000000707e00000|
| 101|0x0000000707f00000, 0x0000000707f00000, 0x0000000708000000|  0%| F|  |TS  0|AC  0|TAMS 0x0000000707f00000, 0x0000000707f00000|
| 102|0x0000000708000000, 0x0000000708000000, 0x0000000708100000|  0%| F|  |TS  0|AC  0|TAMS 0x0000000708000000, 0x0000000708000000|
| 103|0x0000000708100000, 0x0000000708100000, 0x0000000708200000|  0%| F|  |TS  0|AC  0|TAMS 0x0000000708100000, 0x0000000708100000|
| 104|0x0000000708200000, 0x0000000708200000, 0x0000000708300000|  0%| F|  |TS  0|AC  0|TAMS 0x0000000708200000, 0x0000000708200000|
| 105|0x0000000708300000, 0x0000000708300000, 0x0000000708400000|  0%| F|  |TS  0|AC  0|TAMS 0x0000000708300000, 0x0000000708300000|
| 106|0x0000000708400000, 0x0000000708400000, 0x0000000708500000|  0%| F|  |TS  0|AC  0|TAMS 0x0000000708400000, 0x0000000708400000|
| 107|0x0000000708500000, 0x0000000708500000, 0x0000000708600000|  0%| F|  |TS  0|AC  0|TAMS 0x0000000708500000, 0x0000000708500000|
| 108|0x0000000708600000, 0x0000000708600000, 0x0000000708700000|  0%| F|  |TS  0|AC  0|TAMS 0x0000000708600000, 0x0000000708600000|
| 109|0x0000000708700000, 0x0000000708700000, 0x0000000708800000|  0%| F|  |TS  0|AC  0|TAMS 0x0000000708700000, 0x0000000708700000|
| 110|0x0000000708800000, 0x0000000708800000, 0x0000000708900000|  0%| F|  |TS  0|AC  0|TAMS 0x0000000708800000, 0x0000000708800000|
| 111|0x0000000708900000, 0x0000000708900000, 0x0000000708a00000|  0%| F|  |TS  0|AC  0|TAMS 0x0000000708900000, 0x0000000708900000|
| 112|0x0000000708a00000, 0x0000000708a00000, 0x0000000708b00000|  0%| F|  |TS  0|AC  0|TAMS 0x0000000708a00000, 0x0000000708a00000|
| 113|0x0000000708b00000, 0x0000000708b00000, 0x0000000708c00000|  0%| F|  |TS  0|AC  0|TAMS 0x0000000708b00000, 0x0000000708b00000|
| 114|0x0000000708c00000, 0x0000000708c00000, 0x0000000708d00000|  0%| F|  |TS  0|AC  0|TAMS 0x0000000708c00000, 0x0000000708c00000|
| 115|0x0000000708d00000, 0x0000000708d00000, 0x0000000708e00000|  0%| F|  |TS  0|AC  0|TAMS 0x0000000708d00000, 0x0000000708d00000|
| 116|0x0000000708e00000, 0x0000000708e5e348, 0x0000000708f00000| 36%| S|CS|TS  4|AC  0|TAMS 0x0000000708e00000, 0x0000000708e00000|
| 117|0x0000000708f00000, 0x0000000708f00000, 0x0000000709000000|  0%| F|  |TS  4|AC  0|TAMS 0x0000000708f00000, 0x0000000708f00000|
| 118|0x0000000709000000, 0x0000000709000000, 0x0000000709100000|  0%| F|  |TS  4|AC  0|TAMS 0x0000000709000000, 0x0000000709000000|
| 119|0x0000000709100000, 0x0000000709100000, 0x0000000709200000|  0%| F|  |TS  4|AC  0|TAMS 0x0000000709100000, 0x0000000709100000|
| 120|0x0000000709200000, 0x0000000709200000, 0x0000000709300000|  0%| F|  |TS  4|AC  0|TAMS 0x0000000709200000, 0x0000000709200000|
| 121|0x0000000709300000, 0x0000000709300000, 0x0000000709400000|  0%| F|  |TS  4|AC  0|TAMS 0x0000000709300000, 0x0000000709300000|
| 122|0x0000000709400000, 0x0000000709400000, 0x0000000709500000|  0%| F|  |TS  4|AC  0|TAMS 0x0000000709400000, 0x0000000709400000|
| 123|0x0000000709500000, 0x0000000709500000, 0x0000000709600000|  0%| F|  |TS  4|AC  0|TAMS 0x0000000709500000, 0x0000000709500000|
| 124|0x0000000709600000, 0x0000000709600000, 0x0000000709700000|  0%| F|  |TS  4|AC  0|TAMS 0x0000000709600000, 0x0000000709600000|
| 125|0x0000000709700000, 0x0000000709700000, 0x0000000709800000|  0%| F|  |TS  4|AC  0|TAMS 0x0000000709700000, 0x0000000709700000|
| 126|0x0000000709800000, 0x0000000709800000, 0x0000000709900000|  0%| F|  |TS  4|AC  0|TAMS 0x0000000709800000, 0x0000000709800000|
| 127|0x0000000709900000, 0x0000000709900000, 0x0000000709a00000|  0%| F|  |TS  4|AC  0|TAMS 0x0000000709900000, 0x0000000709900000|
| 128|0x0000000709a00000, 0x0000000709a00000, 0x0000000709b00000|  0%| F|  |TS  4|AC  0|TAMS 0x0000000709a00000, 0x0000000709a00000|
| 129|0x0000000709b00000, 0x0000000709b00000, 0x0000000709c00000|  0%| F|  |TS  4|AC  0|TAMS 0x0000000709b00000, 0x0000000709b00000|
| 130|0x0000000709c00000, 0x0000000709c00000, 0x0000000709d00000|  0%| F|  |TS  4|AC  0|TAMS 0x0000000709c00000, 0x0000000709c00000|
| 131|0x0000000709d00000, 0x0000000709d00000, 0x0000000709e00000|  0%| F|  |TS  4|AC  0|TAMS 0x0000000709d00000, 0x0000000709d00000|
| 132|0x0000000709e00000, 0x0000000709e00000, 0x0000000709f00000|  0%| F|  |TS  4|AC  0|TAMS 0x0000000709e00000, 0x0000000709e00000|
| 133|0x0000000709f00000, 0x0000000709f00000, 0x000000070a000000|  0%| F|  |TS  4|AC  0|TAMS 0x0000000709f00000, 0x0000000709f00000|
| 134|0x000000070a000000, 0x000000070a000000, 0x000000070a100000|  0%| F|  |TS  4|AC  0|TAMS 0x000000070a000000, 0x000000070a000000|
| 135|0x000000070a100000, 0x000000070a100000, 0x000000070a200000|  0%| F|  |TS  4|AC  0|TAMS 0x000000070a100000, 0x000000070a100000|
| 136|0x000000070a200000, 0x000000070a200000, 0x000000070a300000|  0%| F|  |TS  4|AC  0|TAMS 0x000000070a200000, 0x000000070a200000|
| 137|0x000000070a300000, 0x000000070a300000, 0x000000070a400000|  0%| F|  |TS  4|AC  0|TAMS 0x000000070a300000, 0x000000070a300000|
| 138|0x000000070a400000, 0x000000070a400000, 0x000000070a500000|  0%| F|  |TS  4|AC  0|TAMS 0x000000070a400000, 0x000000070a400000|
| 139|0x000000070a500000, 0x000000070a500000, 0x000000070a600000|  0%| F|  |TS  4|AC  0|TAMS 0x000000070a500000, 0x000000070a500000|
| 140|0x000000070a600000, 0x000000070a600000, 0x000000070a700000|  0%| F|  |TS  4|AC  0|TAMS 0x000000070a600000, 0x000000070a600000|
| 141|0x000000070a700000, 0x000000070a700000, 0x000000070a800000|  0%| F|  |TS  4|AC  0|TAMS 0x000000070a700000, 0x000000070a700000|
| 142|0x000000070a800000, 0x000000070a800000, 0x000000070a900000|  0%| F|  |TS  4|AC  0|TAMS 0x000000070a800000, 0x000000070a800000|
| 143|0x000000070a900000, 0x000000070a900000, 0x000000070aa00000|  0%| F|  |TS  4|AC  0|TAMS 0x000000070a900000, 0x000000070a900000|
| 144|0x000000070aa00000, 0x000000070aa00000, 0x000000070ab00000|  0%| F|  |TS  4|AC  0|TAMS 0x000000070aa00000, 0x000000070aa00000|
| 145|0x000000070ab00000, 0x000000070ab00000, 0x000000070ac00000|  0%| F|  |TS  4|AC  0|TAMS 0x000000070ab00000, 0x000000070ab00000|
| 146|0x000000070ac00000, 0x000000070ac00000, 0x000000070ad00000|  0%| F|  |TS  4|AC  0|TAMS 0x000000070ac00000, 0x000000070ac00000|
| 147|0x000000070ad00000, 0x000000070ad00000, 0x000000070ae00000|  0%| F|  |TS  4|AC  0|TAMS 0x000000070ad00000, 0x000000070ad00000|
| 148|0x000000070ae00000, 0x000000070ae00000, 0x000000070af00000|  0%| F|  |TS  4|AC  0|TAMS 0x000000070ae00000, 0x000000070ae00000|
| 149|0x000000070af00000, 0x000000070af00000, 0x000000070b000000|  0%| F|  |TS  4|AC  0|TAMS 0x000000070af00000, 0x000000070af00000|
| 150|0x000000070b000000, 0x000000070b000000, 0x000000070b100000|  0%| F|  |TS  4|AC  0|TAMS 0x000000070b000000, 0x000000070b000000|
| 151|0x000000070b100000, 0x000000070b100000, 0x000000070b200000|  0%| F|  |TS  4|AC  0|TAMS 0x000000070b100000, 0x000000070b100000|
| 152|0x000000070b200000, 0x000000070b200000, 0x000000070b300000|  0%| F|  |TS  4|AC  0|TAMS 0x000000070b200000, 0x000000070b200000|
| 153|0x000000070b300000, 0x000000070b300000, 0x000000070b400000|  0%| F|  |TS  4|AC  0|TAMS 0x000000070b300000, 0x000000070b300000|
| 154|0x000000070b400000, 0x000000070b400000, 0x000000070b500000|  0%| F|  |TS  4|AC  0|TAMS 0x000000070b400000, 0x000000070b400000|
| 155|0x000000070b500000, 0x000000070b500000, 0x000000070b600000|  0%| F|  |TS  4|AC  0|TAMS 0x000000070b500000, 0x000000070b500000|
| 156|0x000000070b600000, 0x000000070b600000, 0x000000070b700000|  0%| F|  |TS  4|AC  0|TAMS 0x000000070b600000, 0x000000070b600000|
| 157|0x000000070b700000, 0x000000070b700000, 0x000000070b800000|  0%| F|  |TS  4|AC  0|TAMS 0x000000070b700000, 0x000000070b700000|
| 158|0x000000070b800000, 0x000000070b800000, 0x000000070b900000|  0%| F|  |TS  4|AC  0|TAMS 0x000000070b800000, 0x000000070b800000|
| 159|0x000000070b900000, 0x000000070b900000, 0x000000070ba00000|  0%| F|  |TS  4|AC  0|TAMS 0x000000070b900000, 0x000000070b900000|
| 160|0x000000070ba00000, 0x000000070ba00000, 0x000000070bb00000|  0%| F|  |TS  4|AC  0|TAMS 0x000000070ba00000, 0x000000070ba00000|
| 161|0x000000070bb00000, 0x000000070bb00000, 0x000000070bc00000|  0%| F|  |TS  4|AC  0|TAMS 0x000000070bb00000, 0x000000070bb00000|
| 162|0x000000070bc00000, 0x000000070bc00000, 0x000000070bd00000|  0%| F|  |TS  4|AC  0|TAMS 0x000000070bc00000, 0x000000070bc00000|
| 163|0x000000070bd00000, 0x000000070bd00000, 0x000000070be00000|  0%| F|  |TS  4|AC  0|TAMS 0x000000070bd00000, 0x000000070bd00000|
| 164|0x000000070be00000, 0x000000070be00000, 0x000000070bf00000|  0%| F|  |TS  4|AC  0|TAMS 0x000000070be00000, 0x000000070be00000|
| 165|0x000000070bf00000, 0x000000070bf00000, 0x000000070c000000|  0%| F|  |TS  4|AC  0|TAMS 0x000000070bf00000, 0x000000070bf00000|
| 166|0x000000070c000000, 0x000000070c000000, 0x000000070c100000|  0%| F|  |TS  4|AC  0|TAMS 0x000000070c000000, 0x000000070c000000|
| 167|0x000000070c100000, 0x000000070c100000, 0x000000070c200000|  0%| F|  |TS  4|AC  0|TAMS 0x000000070c100000, 0x000000070c100000|
| 168|0x000000070c200000, 0x000000070c200000, 0x000000070c300000|  0%| F|  |TS  4|AC  0|TAMS 0x000000070c200000, 0x000000070c200000|
| 169|0x000000070c300000, 0x000000070c300000, 0x000000070c400000|  0%| F|  |TS  4|AC  0|TAMS 0x000000070c300000, 0x000000070c300000|
| 170|0x000000070c400000, 0x000000070c400000, 0x000000070c500000|  0%| F|  |TS  4|AC  0|TAMS 0x000000070c400000, 0x000000070c400000|
| 171|0x000000070c500000, 0x000000070c500000, 0x000000070c600000|  0%| F|  |TS  4|AC  0|TAMS 0x000000070c500000, 0x000000070c500000|
| 172|0x000000070c600000, 0x000000070c600000, 0x000000070c700000|  0%| F|  |TS  4|AC  0|TAMS 0x000000070c600000, 0x000000070c600000|
| 173|0x000000070c700000, 0x000000070c800000, 0x000000070c800000|100%| E|  |TS  4|AC  0|TAMS 0x000000070c700000, 0x000000070c700000|
| 174|0x000000070c800000, 0x000000070c900000, 0x000000070c900000|100%| E|CS|TS  4|AC  0|TAMS 0x000000070c800000, 0x000000070c800000|
| 175|0x000000070c900000, 0x000000070ca00000, 0x000000070ca00000|100%| E|CS|TS  4|AC  0|TAMS 0x000000070c900000, 0x000000070c900000|
| 176|0x000000070ca00000, 0x000000070cb00000, 0x000000070cb00000|100%| E|CS|TS  4|AC  0|TAMS 0x000000070ca00000, 0x000000070ca00000|
| 177|0x000000070cb00000, 0x000000070cc00000, 0x000000070cc00000|100%| E|CS|TS  4|AC  0|TAMS 0x000000070cb00000, 0x000000070cb00000|
| 178|0x000000070cc00000, 0x000000070cd00000, 0x000000070cd00000|100%| E|CS|TS  4|AC  0|TAMS 0x000000070cc00000, 0x000000070cc00000|
| 179|0x000000070cd00000, 0x000000070ce00000, 0x000000070ce00000|100%| E|CS|TS  4|AC  0|TAMS 0x000000070cd00000, 0x000000070cd00000|
| 180|0x000000070ce00000, 0x000000070cf00000, 0x000000070cf00000|100%| E|CS|TS  4|AC  0|TAMS 0x000000070ce00000, 0x000000070ce00000|
| 181|0x000000070cf00000, 0x000000070d000000, 0x000000070d000000|100%| E|CS|TS  4|AC  0|TAMS 0x000000070cf00000, 0x000000070cf00000|
| 182|0x000000070d000000, 0x000000070d100000, 0x000000070d100000|100%| E|CS|TS  4|AC  0|TAMS 0x000000070d000000, 0x000000070d000000|
| 183|0x000000070d100000, 0x000000070d200000, 0x000000070d200000|100%| E|CS|TS  4|AC  0|TAMS 0x000000070d100000, 0x000000070d100000|
| 184|0x000000070d200000, 0x000000070d300000, 0x000000070d300000|100%| E|CS|TS  4|AC  0|TAMS 0x000000070d200000, 0x000000070d200000|
| 185|0x000000070d300000, 0x000000070d400000, 0x000000070d400000|100%| E|CS|TS  4|AC  0|TAMS 0x000000070d300000, 0x000000070d300000|
| 186|0x000000070d400000, 0x000000070d500000, 0x000000070d500000|100%| E|CS|TS  4|AC  0|TAMS 0x000000070d400000, 0x000000070d400000|
| 187|0x000000070d500000, 0x000000070d600000, 0x000000070d600000|100%| E|CS|TS  4|AC  0|TAMS 0x000000070d500000, 0x000000070d500000|
| 188|0x000000070d600000, 0x000000070d700000, 0x000000070d700000|100%| E|CS|TS  4|AC  0|TAMS 0x000000070d600000, 0x000000070d600000|
| 189|0x000000070d700000, 0x000000070d800000, 0x000000070d800000|100%| E|CS|TS  4|AC  0|TAMS 0x000000070d700000, 0x000000070d700000|
| 190|0x000000070d800000, 0x000000070d900000, 0x000000070d900000|100%| E|CS|TS  4|AC  0|TAMS 0x000000070d800000, 0x000000070d800000|
| 191|0x000000070d900000, 0x000000070da00000, 0x000000070da00000|100%| E|CS|TS  4|AC  0|TAMS 0x000000070d900000, 0x000000070d900000|

Card table byte_map: [0x000002651f730000,0x000002651fd30000] byte_map_base: 0x000002651bf23000

Marking Bits (Prev, Next): (CMBitMap*) 0x0000026503049b78, (CMBitMap*) 0x0000026503049b40
 Prev Bits: [0x00000265232d0000, 0x0000026526268000)
 Next Bits: [0x0000026520330000, 0x00000265232c8000)

Polling page: 0x0000026502d30000

CodeHeap 'non-profiled nmethods': size=120064Kb used=1049Kb max_used=1049Kb free=119015Kb
 bounds [0x00000265175d0000, 0x0000026517840000, 0x000002651eb10000]
CodeHeap 'profiled nmethods': size=120000Kb used=4708Kb max_used=4708Kb free=115291Kb
 bounds [0x00000265100a0000, 0x0000026510540000, 0x00000265175d0000]
CodeHeap 'non-nmethods': size=5696Kb used=1228Kb max_used=1243Kb free=4468Kb
 bounds [0x000002650fb10000, 0x000002650fd80000, 0x00000265100a0000]
 total_blobs=3569 nmethods=2455 adapters=514
 compilation: enabled

Compilation events (10 events):
Event: 9.261 Thread 0x000002652921b000 nmethod 2451 0x0000026510536390 code [0x0000026510536540, 0x00000265105366f8]
Event: 9.261 Thread 0x0000026529212000 nmethod 2449 0x00000265176d5f90 code [0x00000265176d6120, 0x00000265176d62d8]
Event: 9.291 Thread 0x000002652921b000 2452       3       java.util.ArrayList::indexOf (67 bytes)
Event: 9.292 Thread 0x000002652921b000 nmethod 2452 0x0000026510536790 code [0x0000026510536980, 0x0000026510536e70]
Event: 9.313 Thread 0x000002652921b000 2453       3       sun.awt.SunToolkit::getContainingWindow (24 bytes)
Event: 9.313 Thread 0x000002652921b000 nmethod 2453 0x0000026510537010 code [0x00000265105371e0, 0x0000026510537690]
Event: 9.338 Thread 0x000002652921b000 2454       3       java.nio.Buffer::flip (20 bytes)
Event: 9.338 Thread 0x000002652921b000 nmethod 2454 0x0000026510537790 code [0x0000026510537940, 0x0000026510537ab8]
Event: 9.340 Thread 0x000002652921b000 2455   !   3       java.util.logging.LogManager::ensureLogManagerInitialized (144 bytes)
Event: 9.341 Thread 0x000002652921b000 nmethod 2455 0x0000026510537b90 code [0x0000026510537e40, 0x0000026510538bc0]

GC Heap History (10 events):
Event: 2.609 GC heap before
{Heap before GC invocations=6 (full 0):
 garbage-first heap   total 196608K, used 92573K [0x0000000701a00000, 0x00000007c0000000)
  region size 1024K, 6 young (6144K), 1 survivors (1024K)
 Metaspace       used 15374K, capacity 15686K, committed 15872K, reserved 1062912K
  class space    used 1516K, capacity 1702K, committed 1792K, reserved 1048576K
}
Event: 2.610 GC heap after
{Heap after GC invocations=7 (full 0):
 garbage-first heap   total 196608K, used 81474K [0x0000000701a00000, 0x00000007c0000000)
  region size 1024K, 1 young (1024K), 1 survivors (1024K)
 Metaspace       used 15374K, capacity 15686K, committed 15872K, reserved 1062912K
  class space    used 1516K, capacity 1702K, committed 1792K, reserved 1048576K
}
Event: 7.375 GC heap before
{Heap before GC invocations=8 (full 0):
 garbage-first heap   total 196608K, used 141890K [0x0000000701a00000, 0x00000007c0000000)
  region size 1024K, 57 young (58368K), 1 survivors (1024K)
 Metaspace       used 20307K, capacity 20697K, committed 21120K, reserved 1069056K
  class space    used 2175K, capacity 2371K, committed 2432K, reserved 1048576K
}
Event: 7.381 GC heap after
{Heap after GC invocations=9 (full 0):
 garbage-first heap   total 196608K, used 83458K [0x0000000701a00000, 0x00000007c0000000)
  region size 1024K, 6 young (6144K), 6 survivors (6144K)
 Metaspace       used 20307K, capacity 20697K, committed 21120K, reserved 1069056K
  class space    used 2175K, capacity 2371K, committed 2432K, reserved 1048576K
}
Event: 7.935 GC heap before
{Heap before GC invocations=9 (full 0):
 garbage-first heap   total 196608K, used 141826K [0x0000000701a00000, 0x00000007c0000000)
  region size 1024K, 63 young (64512K), 6 survivors (6144K)
 Metaspace       used 20397K, capacity 20825K, committed 21120K, reserved 1069056K
  class space    used 2175K, capacity 2371K, committed 2432K, reserved 1048576K
}
Event: 7.938 GC heap after
{Heap after GC invocations=10 (full 0):
 garbage-first heap   total 196608K, used 83422K [0x0000000701a00000, 0x00000007c0000000)
  region size 1024K, 1 young (1024K), 1 survivors (1024K)
 Metaspace       used 20397K, capacity 20825K, committed 21120K, reserved 1069056K
  class space    used 2175K, capacity 2371K, committed 2432K, reserved 1048576K
}
Event: 8.523 GC heap before
{Heap before GC invocations=10 (full 0):
 garbage-first heap   total 196608K, used 144862K [0x0000000701a00000, 0x00000007c0000000)
  region size 1024K, 61 young (62464K), 1 survivors (1024K)
 Metaspace       used 20528K, capacity 20953K, committed 21376K, reserved 1069056K
  class space    used 2175K, capacity 2371K, committed 2432K, reserved 1048576K
}
Event: 8.525 GC heap after
{Heap after GC invocations=11 (full 0):
 garbage-first heap   total 196608K, used 83317K [0x0000000701a00000, 0x00000007c0000000)
  region size 1024K, 1 young (1024K), 1 survivors (1024K)
 Metaspace       used 20528K, capacity 20953K, committed 21376K, reserved 1069056K
  class space    used 2175K, capacity 2371K, committed 2432K, reserved 1048576K
}
Event: 9.173 GC heap before
{Heap before GC invocations=11 (full 0):
 garbage-first heap   total 196608K, used 159093K [0x0000000701a00000, 0x00000007c0000000)
  region size 1024K, 75 young (76800K), 1 survivors (1024K)
 Metaspace       used 20638K, capacity 21050K, committed 21376K, reserved 1069056K
  class space    used 2189K, capacity 2403K, committed 2432K, reserved 1048576K
}
Event: 9.174 GC heap after
{Heap after GC invocations=12 (full 0):
 garbage-first heap   total 196608K, used 83305K [0x0000000701a00000, 0x00000007c0000000)
  region size 1024K, 1 young (1024K), 1 survivors (1024K)
 Metaspace       used 20638K, capacity 21050K, committed 21376K, reserved 1069056K
  class space    used 2189K, capacity 2403K, committed 2432K, reserved 1048576K
}

Deoptimization events (10 events):
Event: 6.295 Thread 0x0000026529401000 Uncommon trap: reason=bimorphic_or_optimized_type_check action=maybe_recompile pc=0x0000026517677894 method=java.util.HashMap.putVal(ILjava/lang/Object;Ljava/lang/Object;ZZ)Ljava/lang/Object; @ 91 c2
Event: 6.295 Thread 0x0000026529401000 Uncommon trap: reason=bimorphic_or_optimized_type_check action=maybe_recompile pc=0x0000026517677894 method=java.util.HashMap.putVal(ILjava/lang/Object;Ljava/lang/Object;ZZ)Ljava/lang/Object; @ 91 c2
Event: 6.296 Thread 0x0000026529401000 Uncommon trap: reason=bimorphic_or_optimized_type_check action=maybe_recompile pc=0x0000026517677894 method=java.util.HashMap.putVal(ILjava/lang/Object;Ljava/lang/Object;ZZ)Ljava/lang/Object; @ 91 c2
Event: 6.296 Thread 0x0000026529401000 Uncommon trap: reason=bimorphic_or_optimized_type_check action=maybe_recompile pc=0x0000026517677894 method=java.util.HashMap.putVal(ILjava/lang/Object;Ljava/lang/Object;ZZ)Ljava/lang/Object; @ 91 c2
Event: 6.303 Thread 0x0000026529401000 Uncommon trap: reason=unstable_if action=reinterpret pc=0x000002651760bdac method=java.util.concurrent.ConcurrentHashMap.get(Ljava/lang/Object;)Ljava/lang/Object; @ 76 c2
Event: 6.395 Thread 0x0000026529401000 Uncommon trap: reason=unstable_if action=reinterpret pc=0x0000026517685514 method=java.lang.String.startsWith(Ljava/lang/String;I)Z @ 14 c2
Event: 6.948 Thread 0x0000026529401000 Uncommon trap: reason=unstable_if action=reinterpret pc=0x0000026517665274 method=java.util.concurrent.atomic.AtomicBoolean.get()Z @ 4 c2
Event: 6.960 Thread 0x00000265293fd000 Uncommon trap: reason=unstable_if action=reinterpret pc=0x000002651767ef60 method=main.Game.run()V @ 433 c2
Event: 6.962 Thread 0x00000265293fd000 Uncommon trap: reason=unstable_if action=reinterpret pc=0x000002651765ef50 method=java.util.IdentityHashMap.get(Ljava/lang/Object;)Ljava/lang/Object; @ 31 c2
Event: 6.962 Thread 0x00000265293fd000 Uncommon trap: reason=unstable_if action=reinterpret pc=0x0000026517666a80 method=java.util.IdentityHashMap.get(Ljava/lang/Object;)Ljava/lang/Object; @ 31 c2

Classes redefined (0 events):
No events

Internal exceptions (10 events):
Event: 2.650 Thread 0x0000026502f80800 Exception <a 'java/lang/NoSuchMethodError'{0x000000070d864f58}: java.lang.invoke.DirectMethodHandle$Holder.invokeStaticInit(Ljava/lang/Object;Ljava/lang/Object;)V> (0x000000070d864f58) thrown at [t:/workspace/open/src/hotspot/share/interpreter/linkResolve
Event: 3.172 Thread 0x0000026529401000 Exception <a 'java/lang/NoSuchMethodError'{0x000000070d07c7e8}: method resolution failed> (0x000000070d07c7e8) thrown at [t:/workspace/open/src/hotspot/share/prims/methodHandles.cpp, line 1226]
Event: 3.270 Thread 0x0000026529401000 Exception <a 'java/lang/NoSuchMethodError'{0x000000070cc7b6b0}: java.lang.invoke.DirectMethodHandle$Holder.invokeStatic(Ljava/lang/Object;IIII)Ljava/lang/Object;> (0x000000070cc7b6b0) thrown at [t:/workspace/open/src/hotspot/share/interpreter/linkResolver
Event: 3.270 Thread 0x0000026529401000 Exception <a 'java/lang/NoSuchMethodError'{0x000000070cc7eb10}: java.lang.invoke.DirectMethodHandle$Holder.invokeStaticInit(Ljava/lang/Object;IIII)Ljava/lang/Object;> (0x000000070cc7eb10) thrown at [t:/workspace/open/src/hotspot/share/interpreter/linkReso
Event: 3.444 Thread 0x0000026529401000 Exception <a 'java/lang/NoSuchMethodError'{0x000000070cb41568}: java.lang.invoke.DirectMethodHandle$Holder.invokeStatic(Ljava/lang/Object;Ljava/lang/Object;IIII)Ljava/lang/Object;> (0x000000070cb41568) thrown at [t:/workspace/open/src/hotspot/share/interp
Event: 3.444 Thread 0x0000026529401000 Exception <a 'java/lang/NoSuchMethodError'{0x000000070cb44c30}: java.lang.invoke.DirectMethodHandle$Holder.invokeStaticInit(Ljava/lang/Object;Ljava/lang/Object;IIII)Ljava/lang/Object;> (0x000000070cb44c30) thrown at [t:/workspace/open/src/hotspot/share/in
Event: 6.290 Thread 0x0000026529401000 Exception <a 'java/lang/NoSuchMethodError'{0x000000070c952530}: java.lang.Object.of([Ljava/lang/Object;)Ljava/util/stream/Stream;> (0x000000070c952530) thrown at [t:/workspace/open/src/hotspot/share/interpreter/linkResolver.cpp, line 741]
Event: 6.701 Thread 0x0000026529401000 Exception <a 'java/lang/NoSuchMethodError'{0x000000070c525a20}: java.lang.Object.lambda$union$2(Ljava/util/regex/Pattern$CharPredicate;I)Z> (0x000000070c525a20) thrown at [t:/workspace/open/src/hotspot/share/interpreter/linkResolver.cpp, line 741]
Event: 6.717 Thread 0x0000026529401000 Exception <a 'java/lang/ClassNotFoundException'{0x000000070c58f760}: sun/util/logging/resources/spi/loggingProvider> (0x000000070c58f760) thrown at [t:/workspace/open/src/hotspot/share/classfile/systemDictionary.cpp, line 233]
Event: 6.946 Thread 0x0000026529401000 Exception <a 'java/lang/NoSuchMethodError'{0x000000070b907260}: java.lang.invoke.DirectMethodHandle$Holder.invokeStatic(Ljava/lang/Object;Ljava/lang/Object;Ljava/lang/Object;Ljava/lang/Object;Ljava/lang/Object;Ljava/lang/Object;Ljava/lang/Object;Ljava/lan

Events (10 events):
Event: 9.339 Executing VM operation: RevokeBias
Event: 9.339 Executing VM operation: RevokeBias done
Event: 9.340 Executing VM operation: RevokeBias
Event: 9.340 Executing VM operation: RevokeBias done
Event: 9.340 Thread 0x000002652f01e000 Thread exited: 0x000002652f01e000
Event: 9.367 Executing VM operation: RevokeBias
Event: 9.368 Executing VM operation: RevokeBias done
Event: 9.368 Thread 0x0000026529400000 Thread exited: 0x0000026529400000
Event: 9.439 Thread 0x000002652f01d000 Thread exited: 0x000002652f01d000
Event: 9.440 Executing VM operation: Exit


Dynamic libraries:
0x00007ff785b00000 - 0x00007ff785b3e000 	C:\Program Files\Java\jdk-10.0.1\bin\javaw.exe
0x00007ff949b50000 - 0x00007ff949d31000 	C:\WINDOWS\SYSTEM32\ntdll.dll
0x00007ff949210000 - 0x00007ff9492c2000 	C:\WINDOWS\System32\KERNEL32.DLL
0x00007ff9462b0000 - 0x00007ff946523000 	C:\WINDOWS\System32\KERNELBASE.dll
0x00007ff949730000 - 0x00007ff9497d1000 	C:\WINDOWS\System32\ADVAPI32.dll
0x00007ff9489c0000 - 0x00007ff948a5e000 	C:\WINDOWS\System32\msvcrt.dll
0x00007ff9499b0000 - 0x00007ff949a0b000 	C:\WINDOWS\System32\sechost.dll
0x00007ff947000000 - 0x00007ff947124000 	C:\WINDOWS\System32\RPCRT4.dll
0x00007ff948a90000 - 0x00007ff948c20000 	C:\WINDOWS\System32\USER32.dll
0x00007ff946fc0000 - 0x00007ff946fe0000 	C:\WINDOWS\System32\win32u.dll
0x00007ff948a60000 - 0x00007ff948a88000 	C:\WINDOWS\System32\GDI32.dll
0x00007ff946110000 - 0x00007ff9462a2000 	C:\WINDOWS\System32\gdi32full.dll
0x00007ff946e20000 - 0x00007ff946ebf000 	C:\WINDOWS\System32\msvcp_win.dll
0x00007ff946610000 - 0x00007ff94670a000 	C:\WINDOWS\System32\ucrtbase.dll
0x00007ff93d5f0000 - 0x00007ff93d5fa000 	C:\WINDOWS\SYSTEM32\VERSION.dll
0x00007ff93d2e0000 - 0x00007ff93d549000 	C:\WINDOWS\WinSxS\amd64_microsoft.windows.common-controls_6595b64144ccf1df_6.0.17134.285_none_fb4297e330656775\COMCTL32.dll
0x00007ff949400000 - 0x00007ff949723000 	C:\WINDOWS\System32\combase.dll
0x00007ff946530000 - 0x00007ff9465aa000 	C:\WINDOWS\System32\bcryptPrimitives.dll
0x00007ff9498d0000 - 0x00007ff9498fd000 	C:\WINDOWS\System32\IMM32.DLL
0x00007ff913330000 - 0x00007ff91341f000 	C:\Program Files\Java\jdk-10.0.1\bin\msvcr120.dll
0x00007ff9160c0000 - 0x00007ff916166000 	C:\Program Files\Java\jdk-10.0.1\bin\msvcp120.dll
0x00000000733a0000 - 0x0000000073e10000 	C:\Program Files\Java\jdk-10.0.1\bin\server\jvm.dll
0x00007ff9471a0000 - 0x00007ff9471a8000 	C:\WINDOWS\System32\PSAPI.DLL
0x00007ff938810000 - 0x00007ff938819000 	C:\WINDOWS\SYSTEM32\WSOCK32.dll
0x00007ff936a70000 - 0x00007ff936a93000 	C:\WINDOWS\SYSTEM32\WINMM.dll
0x00007ff948950000 - 0x00007ff9489bc000 	C:\WINDOWS\System32\WS2_32.dll
0x00007ff937d70000 - 0x00007ff937d9a000 	C:\WINDOWS\SYSTEM32\winmmbase.dll
0x00007ff946ec0000 - 0x00007ff946f09000 	C:\WINDOWS\System32\cfgmgr32.dll
0x00007ff9418e0000 - 0x00007ff9418ef000 	C:\Program Files\Java\jdk-10.0.1\bin\verify.dll
0x00007ff944af0000 - 0x00007ff944cb9000 	C:\WINDOWS\SYSTEM32\DBGHELP.DLL
0x00007ff93d6d0000 - 0x00007ff93d6f9000 	C:\WINDOWS\SYSTEM32\dbgcore.DLL
0x00007ff927f40000 - 0x00007ff927f67000 	C:\Program Files\Java\jdk-10.0.1\bin\java.dll
0x00007ff938e90000 - 0x00007ff938ea6000 	C:\Program Files\Java\jdk-10.0.1\bin\zip.dll
0x00007ff93f4d0000 - 0x00007ff93f4da000 	C:\Program Files\Java\jdk-10.0.1\bin\jimage.dll
0x00007ff947510000 - 0x00007ff948950000 	C:\WINDOWS\System32\SHELL32.dll
0x00007ff949900000 - 0x00007ff9499a9000 	C:\WINDOWS\System32\shcore.dll
0x00007ff946710000 - 0x00007ff946e1d000 	C:\WINDOWS\System32\windows.storage.dll
0x00007ff947140000 - 0x00007ff947191000 	C:\WINDOWS\System32\shlwapi.dll
0x00007ff945e60000 - 0x00007ff945e71000 	C:\WINDOWS\System32\kernel.appcore.dll
0x00007ff945ea0000 - 0x00007ff945ebf000 	C:\WINDOWS\System32\profapi.dll
0x00007ff945ed0000 - 0x00007ff945f1c000 	C:\WINDOWS\System32\powrprof.dll
0x00007ff945ec0000 - 0x00007ff945eca000 	C:\WINDOWS\System32\FLTLIB.DLL
0x00007ff9316d0000 - 0x00007ff9316ea000 	C:\Program Files\Java\jdk-10.0.1\bin\net.dll
0x00007ff941a30000 - 0x00007ff941b0c000 	C:\WINDOWS\SYSTEM32\WINHTTP.dll
0x00007ff945680000 - 0x00007ff9456e6000 	C:\WINDOWS\system32\mswsock.dll
0x00007ff92c7a0000 - 0x00007ff92c7b1000 	C:\Program Files\Java\jdk-10.0.1\bin\nio.dll
0x00007ff9120c0000 - 0x00007ff91225b000 	C:\Program Files\Java\jdk-10.0.1\bin\awt.dll
0x00007ff949330000 - 0x00007ff9493f2000 	C:\WINDOWS\System32\OLEAUT32.dll
0x00007ff93e800000 - 0x00007ff93edc7000 	C:\WINDOWS\SYSTEM32\d2d1.dll
0x00007ff9403a0000 - 0x00007ff94042b000 	C:\WINDOWS\SYSTEM32\apphelp.dll
0x00007ff944140000 - 0x00007ff9441d8000 	C:\WINDOWS\system32\uxtheme.dll
0x00007ff947390000 - 0x00007ff947505000 	C:\WINDOWS\System32\MSCTF.dll
0x00007ff944530000 - 0x00007ff944559000 	C:\WINDOWS\system32\dwmapi.dll
0x00007ff947230000 - 0x00007ff947381000 	C:\WINDOWS\System32\ole32.dll
0x00007ff92a170000 - 0x00007ff92a290000 	C:\WINDOWS\system32\opengl32.dll
0x00007ff935830000 - 0x00007ff93585c000 	C:\WINDOWS\SYSTEM32\GLU32.dll
0x00007ff920c30000 - 0x00007ff920c95000 	C:\Program Files\Java\jdk-10.0.1\bin\fontmanager.dll
0x00007ff93bdf0000 - 0x00007ff93be87000 	C:\WINDOWS\System32\TextInputFramework.dll
0x00007ff93f510000 - 0x00007ff93f5ea000 	C:\WINDOWS\System32\CoreMessaging.dll
0x00007ff9304f0000 - 0x00007ff93080e000 	C:\WINDOWS\System32\CoreUIComponents.dll
0x00007ff942f50000 - 0x00007ff94309d000 	C:\WINDOWS\SYSTEM32\wintypes.dll
0x00007ff945000000 - 0x00007ff945031000 	C:\WINDOWS\SYSTEM32\ntmarta.dll
0x00007ff927680000 - 0x00007ff9276ab000 	C:\Program Files\Java\jdk-10.0.1\bin\javajpeg.dll
0x00007ff945840000 - 0x00007ff945857000 	C:\WINDOWS\SYSTEM32\CRYPTSP.dll
0x00007ff945260000 - 0x00007ff945293000 	C:\WINDOWS\system32\rsaenh.dll
0x00007ff945960000 - 0x00007ff945985000 	C:\WINDOWS\SYSTEM32\bcrypt.dll
0x00007ff945d90000 - 0x00007ff945db8000 	C:\WINDOWS\SYSTEM32\USERENV.dll
0x00007ff945830000 - 0x00007ff94583b000 	C:\WINDOWS\SYSTEM32\CRYPTBASE.dll
0x00007ff945400000 - 0x00007ff945438000 	C:\WINDOWS\SYSTEM32\IPHLPAPI.DLL
0x00007ff949b10000 - 0x00007ff949b18000 	C:\WINDOWS\System32\NSI.dll
0x00007ff93e750000 - 0x00007ff93e766000 	C:\WINDOWS\SYSTEM32\dhcpcsvc6.DLL
0x00007ff93e3d0000 - 0x00007ff93e3ea000 	C:\WINDOWS\SYSTEM32\dhcpcsvc.DLL
0x00007ff9271a0000 - 0x00007ff9271c6000 	C:\Users\Joe Junior\AppData\Local\Temp\libaparapi_x86_648908632217405490925.dll
0x00007ff925530000 - 0x00007ff925552000 	C:\WINDOWS\SYSTEM32\OpenCL.dll
0x00007ff912f80000 - 0x00007ff913027000 	C:\WINDOWS\SYSTEM32\MSVCP110.dll
0x00007ff911780000 - 0x00007ff911854000 	C:\WINDOWS\SYSTEM32\MSVCR110.dll
0x00007ff9199f0000 - 0x00007ff919a74000 	C:\WINDOWS\System32\DriverStore\FileRepository\ki124164.inf_amd64_85b60d2b8c3af983\IntelOpenCL64.dll
0x00007ff9115b0000 - 0x00007ff911780000 	C:\Program Files (x86)\Common Files\Intel\OpenCL\bin\x64\intelocl64.dll
0x00007ff912ed0000 - 0x00007ff912f7b000 	C:\Program Files (x86)\Common Files\Intel\OpenCL\bin\x64\task_executor64.dll
0x00007ff9111e0000 - 0x00007ff9112c9000 	C:\Program Files (x86)\Common Files\Intel\OpenCL\bin\x64\cpu_device64.dll
0x00007ff90e2b0000 - 0x00007ff90e6ea000 	C:\WINDOWS\System32\DriverStore\FileRepository\ki124164.inf_amd64_85b60d2b8c3af983\igdrcl64.dll
0x00007ff944900000 - 0x00007ff9449bb000 	C:\WINDOWS\SYSTEM32\dxgi.dll
0x00007ff920e30000 - 0x00007ff920e53000 	C:\WINDOWS\system32\igfxdbgxchg64.dll
0x00007ff92c1f0000 - 0x00007ff92c206000 	C:\Program Files\Java\jdk-10.0.1\bin\VCRUNTIME140.dll
0x00007ff911b20000 - 0x00007ff911bbc000 	C:\Program Files\Java\jdk-10.0.1\bin\MSVCP140.dll
0x00007ff91b380000 - 0x00007ff91b3b1000 	C:\WINDOWS\SYSTEM32\igfxdbginfo.dll
0x00007ff91aff0000 - 0x00007ff91b022000 	C:\WINDOWS\SYSTEM32\elfdwarf.dll
0x00007ff90dbe0000 - 0x00007ff90e2a2000 	C:\WINDOWS\System32\DriverStore\FileRepository\ki124164.inf_amd64_85b60d2b8c3af983\igdmcl64.dll
0x00007ff92d5d0000 - 0x00007ff92ebd2000 	C:\WINDOWS\System32\DriverStore\FileRepository\ki124164.inf_amd64_85b60d2b8c3af983\igc64.dll
0x00007ff911120000 - 0x00007ff9111d2000 	C:\WINDOWS\System32\DriverStore\FileRepository\ki124164.inf_amd64_85b60d2b8c3af983\igdfcl64.dll
0x00007ff9100d0000 - 0x00007ff91028e000 	C:\WINDOWS\SYSTEM32\IntelOpenCLProfiler.dll
0x00007ff919830000 - 0x00007ff9198a7000 	C:\WINDOWS\SYSTEM32\intelopencl64_2_1.dll
0x00007ff90faf0000 - 0x00007ff90fcc9000 	C:\Program Files (x86)\Common Files\Intel\OpenCL2.1\bin\x64\intelocl64.dll
0x00007ff90ec60000 - 0x00007ff90ed0b000 	C:\Program Files (x86)\Common Files\Intel\OpenCL2.1\bin\x64\task_executor64_2_1.dll
0x00007ff90daf0000 - 0x00007ff90dbd7000 	C:\Program Files (x86)\Common Files\Intel\OpenCL2.1\bin\x64\cpu_device64_2_1.dll
0x00007ff8da980000 - 0x00007ff8dd44a000 	C:\WINDOWS\System32\DriverStore\FileRepository\ki124164.inf_amd64_85b60d2b8c3af983\common_clang64.dll
0x00007ff90da40000 - 0x00007ff90dae5000 	C:\Program Files (x86)\Common Files\Intel\OpenCL\bin\x64\tbb\tbb.dll
0x00007ff90d9a0000 - 0x00007ff90da3a000 	C:\Program Files (x86)\Common Files\Intel\OpenCL\bin\x64\tbb\tbbmalloc.dll
0x00007ff8eea90000 - 0x00007ff8efa5c000 	C:\Program Files (x86)\Common Files\Intel\OpenCL\bin\x64\OclCpuBackEnd64.dll
0x00007ff907c30000 - 0x00007ff9082c3000 	C:\Program Files (x86)\Common Files\Intel\OpenCL\bin\x64\__ocl_svml_l9.dll
0x00007ff90b580000 - 0x00007ff90b85b000 	C:\Program Files (x86)\Common Files\Intel\OpenCL\bin\x64\clang_compiler64.dll
0x00007ff919e70000 - 0x00007ff919eb2000 	C:\Program Files\Java\jdk-10.0.1\bin\t2k.dll

dbghelp: loaded successfully - version: 4.0.5 - missing functions: none
symbol engine: initialized successfully - sym options: 0x614 - pdb path: .;C:\Program Files\Java\jdk-10.0.1\bin;C:\WINDOWS\SYSTEM32;C:\WINDOWS\WinSxS\amd64_microsoft.windows.common-controls_6595b64144ccf1df_6.0.17134.285_none_fb4297e330656775;C:\Program Files\Java\jdk-10.0.1\bin\server;C:\Users\Joe Junior\AppData\Local\Temp;C:\WINDOWS\System32\DriverStore\FileRepository\ki124164.inf_amd64_85b60d2b8c3af983;C:\Program Files (x86)\Common Files\Intel\OpenCL\bin\x64;C:\Program Files (x86)\Common Files\Intel\OpenCL2.1\bin\x64;C:\Program Files (x86)\Common Files\Intel\OpenCL\bin\x64\tbb

VM Arguments:
jvm_args: -Djava.library.path=C:\Users\Joe Junior\git\apcs-game-2018\dlls\JOCL -Dfile.encoding=Cp1252 
java_command: main.Main
java_class_path (initial): C:\Users\Joe Junior\git\apcs-game-2018\bin;C:\Users\Joe Junior\git\apcs-game-2018\lib\jogg-0.0.7.jar;C:\Users\Joe Junior\git\apcs-game-2018\lib\jorbis-0.0.15.jar;C:\Users\Joe Junior\git\apcs-game-2018\lib\tritonus_share.jar;C:\Users\Joe Junior\git\apcs-game-2018\lib\vorbisspi1.0.3.jar;C:\Users\Joe Junior\git\apcs-game-2018\lib\aparapi-1.4.1.jar;C:\Users\Joe Junior\git\apcs-game-2018\lib\aparapi-jni-1.1.2.jar;C:\Users\Joe Junior\git\apcs-game-2018\lib\JOCL-0.2.0RC.jar
Launcher Type: SUN_STANDARD

Logging:
Log output configuration:
#0: stdout all=warning uptime,level,tags
#1: stderr all=off uptime,level,tags

Environment Variables:
JAVA_HOME=C:\Program Files\Java\jdk-10.0.1
PATH=C:/Program Files/Java/jre1.8.0_151/bin/server;C:/Program Files/Java/jre1.8.0_151/bin;C:/Program Files/Java/jre1.8.0_151/lib/amd64;C:\WINDOWS;C:\WINDOWS;C:\WINDOWS;C:\WINDOWS;C:\WINDOWS;C:\WINDOWS;C:\WINDOWS;C:\WINDOWS;C:\WINDOWS;C:\WINDOWS;C:\WINDOWS;C:\WINDOWS;C:\WINDOWS;C:\WINDOWS;C:\WINDOWS;C:\WINDOWS;C:\WINDOWS;C:\Program Files (x86)\Common Files\Oracle\Java\javapath;C:\Intel\OpenCL\sdk\bin\x64;C:\Intel\OpenCL\sdk\bin\x86;C:\Intel\OpenCL\sdk\bin\Pin;C:\Intel\OpenCL\sdk\bin\GTPin;C:\Program Files\Haskell\bin;C:\Program Files\Haskell Platform\8.2.2\lib\extralibs\bin;C:\Program Files\Haskell Platform\8.2.2\bin;C:\Program Files (x86)\Intel\iCLS Client\;C:\Program Files (x86)\Git\bin;C:\Program Files (x86)\Git\libexec\git-core;C:\ProgramData\Oracle\Java\javapath;C:\Program Files\Intel\iCLS Client\;C:\Windows\System32;C:\Windows;C:\Windows\System32\wbem;C:\Windows\System32\WindowsPowerShell\v1.0\;C:\Users\defaultuser0\Documents\Ndless-master\ndless-sdk\toolchain\install\bin;C:\Users\defaultuser0\Documents\Ndless-master\ndless-sdk\toolchain\bin;C:\Users\defaultuser0\Documents\Ndless-master\ndless-sdk\bin;\cygdrive\c\Users\defaultuser0\Documents\Ndless-master\ndless-sdk\toolchain\install\bin;\cygdrive\c\Users\defaultuser0\Documents\Ndless-master\ndless-sdk\bin;C:\Program Files\Java\jdk-9.0.1\bin;C:\Program Files\NASM;C:\masm32\bin;C:\WINDOWS\system32;C:\WINDOWS;C:\WINDOWS\System32\Wbem;C:\WINDOWS\System32\WindowsPowerShell\v1.0\;C:\WINDOWS\System32\OpenSSH\;C:\Program Files\CMake\bin;C:\MinGW\bin;C:\netcat_for_windows;C:\Users\Joe Junior\AppData\Roaming\cabal\bin;C:\Users\Joe Junior\AppData\Roaming\local\bin;C:\Users\Joe Junior\AppData\Local\Microsoft\WindowsApps;C:\Program Files\Java\jdk-9.0.1\bin;;C:\Users\Joe Junior\Desktop;
USERNAME=Boii
OS=Windows_NT
PROCESSOR_IDENTIFIER=Intel64 Family 6 Model 78 Stepping 3, GenuineIntel



---------------  S Y S T E M  ---------------

OS: Windows 10 , 64 bit Build 17134 (10.0.17134.1)

CPU:total 4 (initial active 4) (2 cores per cpu, 2 threads per core) family 6 model 78 stepping 3, cmov, cx8, fxsr, mmx, sse, sse2, sse3, ssse3, sse4.1, sse4.2, popcnt, avx, avx2, aes, clmul, erms, 3dnowpref, lzcnt, ht, tsc, tscinvbit, bmi1, bmi2, adx, fma

Memory: 4k page, physical 12470176k(4808776k free), swap 24380188k(11038288k free)

vm_info: Java HotSpot(TM) 64-Bit Server VM (10.0.1+10) for windows-amd64 JRE (10.0.1+10), built on Mar 27 2018 02:27:48 by "mach5one" with MS VC++ 12.0 (VS2013)

END.
